CRITICAL - 2021-11-03 09:34:45 --> Class 'App\Controllers\UsersModel' not found
#0 C:\wamp64\www\evaluation\system\CodeIgniter.php(910): App\Controllers\Customers->index()
#1 C:\wamp64\www\evaluation\system\CodeIgniter.php(398): CodeIgniter\CodeIgniter->runController(Object(App\Controllers\Customers))
#2 C:\wamp64\www\evaluation\system\CodeIgniter.php(306): CodeIgniter\CodeIgniter->handleRequest(NULL, Object(Config\Cache), false)
#3 C:\wamp64\www\evaluation\public\index.php(45): CodeIgniter\CodeIgniter->run()
#4 {main}
CRITICAL - 2021-11-03 11:16:06 --> Invalid file: customers/list.php
#0 C:\wamp64\www\evaluation\system\View\View.php(224): CodeIgniter\Exceptions\FrameworkException::forInvalidFile('customers/list....')
#1 C:\wamp64\www\evaluation\system\Common.php(1071): CodeIgniter\View\View->render('customers/list', Array, true)
#2 C:\wamp64\www\evaluation\app\Views\common\layout.php(5): view('customers/list')
#3 C:\wamp64\www\evaluation\system\View\View.php(236): include('C:\\wamp64\\www\\e...')
#4 C:\wamp64\www\evaluation\system\Common.php(1071): CodeIgniter\View\View->render('common/layout', Array, true)
#5 C:\wamp64\www\evaluation\app\Controllers\Customers.php(16): view('common/layout', Array)
#6 C:\wamp64\www\evaluation\system\CodeIgniter.php(910): App\Controllers\Customers->index()
#7 C:\wamp64\www\evaluation\system\CodeIgniter.php(398): CodeIgniter\CodeIgniter->runController(Object(App\Controllers\Customers))
#8 C:\wamp64\www\evaluation\system\CodeIgniter.php(306): CodeIgniter\CodeIgniter->handleRequest(NULL, Object(Config\Cache), false)
#9 C:\wamp64\www\evaluation\public\index.php(45): CodeIgniter\CodeIgniter->run()
#10 {main}
CRITICAL - 2021-11-03 16:06:41 --> Undefined variable: result
#0 C:\wamp64\www\evaluation\app\Views\users\add.php(50): CodeIgniter\Debug\Exceptions->errorHandler(8, 'Undefined varia...', 'C:\\wamp64\\www\\e...', 50, Array)
#1 C:\wamp64\www\evaluation\system\View\View.php(236): include('C:\\wamp64\\www\\e...')
#2 C:\wamp64\www\evaluation\system\Common.php(1071): CodeIgniter\View\View->render('users/add', Array, true)
#3 C:\wamp64\www\evaluation\app\Views\common\layout.php(5): view('users/add')
#4 C:\wamp64\www\evaluation\system\View\View.php(236): include('C:\\wamp64\\www\\e...')
#5 C:\wamp64\www\evaluation\system\Common.php(1071): CodeIgniter\View\View->render('common/layout', Array, true)
#6 C:\wamp64\www\evaluation\app\Controllers\Users.php(23): view('common/layout', Array)
#7 C:\wamp64\www\evaluation\system\CodeIgniter.php(910): App\Controllers\Users->addUser()
#8 C:\wamp64\www\evaluation\system\CodeIgniter.php(398): CodeIgniter\CodeIgniter->runController(Object(App\Controllers\Users))
#9 C:\wamp64\www\evaluation\system\CodeIgniter.php(306): CodeIgniter\CodeIgniter->handleRequest(NULL, Object(Config\Cache), false)
#10 C:\wamp64\www\evaluation\public\index.php(45): CodeIgniter\CodeIgniter->run()
#11 {main}
CRITICAL - 2021-11-03 16:06:41 --> Undefined variable: result
#0 C:\wamp64\www\evaluation\app\Views\users\add.php(50): CodeIgniter\Debug\Exceptions->errorHandler(8, 'Undefined varia...', 'C:\\wamp64\\www\\e...', 50, Array)
#1 C:\wamp64\www\evaluation\system\View\View.php(236): include('C:\\wamp64\\www\\e...')
#2 C:\wamp64\www\evaluation\system\Common.php(1071): CodeIgniter\View\View->render('users/add', Array, true)
#3 C:\wamp64\www\evaluation\app\Views\common\layout.php(5): view('users/add')
#4 C:\wamp64\www\evaluation\system\View\View.php(236): include('C:\\wamp64\\www\\e...')
#5 C:\wamp64\www\evaluation\system\Common.php(1071): CodeIgniter\View\View->render('common/layout', Array, true)
#6 C:\wamp64\www\evaluation\app\Controllers\Users.php(23): view('common/layout', Array)
#7 C:\wamp64\www\evaluation\system\CodeIgniter.php(910): App\Controllers\Users->addUser()
#8 C:\wamp64\www\evaluation\system\CodeIgniter.php(398): CodeIgniter\CodeIgniter->runController(Object(App\Controllers\Users))
#9 C:\wamp64\www\evaluation\system\CodeIgniter.php(306): CodeIgniter\CodeIgniter->handleRequest(NULL, Object(Config\Cache), false)
#10 C:\wamp64\www\evaluation\public\index.php(45): CodeIgniter\CodeIgniter->run()
#11 {main}
CRITICAL - 2021-11-03 19:34:33 --> Undefined index: level
#0 C:\wamp64\www\evaluation\app\Views\customers\list.php(77): CodeIgniter\Debug\Exceptions->errorHandler(8, 'Undefined index...', 'C:\\wamp64\\www\\e...', 77, Array)
#1 C:\wamp64\www\evaluation\system\View\View.php(236): include('C:\\wamp64\\www\\e...')
#2 C:\wamp64\www\evaluation\system\Common.php(1071): CodeIgniter\View\View->render('customers/list', Array, true)
#3 C:\wamp64\www\evaluation\app\Views\common\layout.php(5): view('customers/list')
#4 C:\wamp64\www\evaluation\system\View\View.php(236): include('C:\\wamp64\\www\\e...')
#5 C:\wamp64\www\evaluation\system\Common.php(1071): CodeIgniter\View\View->render('common/layout', Array, true)
#6 C:\wamp64\www\evaluation\app\Controllers\Customers.php(17): view('common/layout', Array)
#7 C:\wamp64\www\evaluation\system\CodeIgniter.php(910): App\Controllers\Customers->index()
#8 C:\wamp64\www\evaluation\system\CodeIgniter.php(398): CodeIgniter\CodeIgniter->runController(Object(App\Controllers\Customers))
#9 C:\wamp64\www\evaluation\system\CodeIgniter.php(306): CodeIgniter\CodeIgniter->handleRequest(NULL, Object(Config\Cache), false)
#10 C:\wamp64\www\evaluation\public\index.php(45): CodeIgniter\CodeIgniter->run()
#11 {main}
CRITICAL - 2021-11-03 19:34:34 --> Undefined index: level
#0 C:\wamp64\www\evaluation\app\Views\customers\list.php(77): CodeIgniter\Debug\Exceptions->errorHandler(8, 'Undefined index...', 'C:\\wamp64\\www\\e...', 77, Array)
#1 C:\wamp64\www\evaluation\system\View\View.php(236): include('C:\\wamp64\\www\\e...')
#2 C:\wamp64\www\evaluation\system\Common.php(1071): CodeIgniter\View\View->render('customers/list', Array, true)
#3 C:\wamp64\www\evaluation\app\Views\common\layout.php(5): view('customers/list')
#4 C:\wamp64\www\evaluation\system\View\View.php(236): include('C:\\wamp64\\www\\e...')
#5 C:\wamp64\www\evaluation\system\Common.php(1071): CodeIgniter\View\View->render('common/layout', Array, true)
#6 C:\wamp64\www\evaluation\app\Controllers\Customers.php(17): view('common/layout', Array)
#7 C:\wamp64\www\evaluation\system\CodeIgniter.php(910): App\Controllers\Customers->index()
#8 C:\wamp64\www\evaluation\system\CodeIgniter.php(398): CodeIgniter\CodeIgniter->runController(Object(App\Controllers\Customers))
#9 C:\wamp64\www\evaluation\system\CodeIgniter.php(306): CodeIgniter\CodeIgniter->handleRequest(NULL, Object(Config\Cache), false)
#10 C:\wamp64\www\evaluation\public\index.php(45): CodeIgniter\CodeIgniter->run()
#11 {main}
CRITICAL - 2021-11-03 20:33:35 --> Unknown column 'id' in 'where clause'
#0 C:\wamp64\www\evaluation\system\Database\MySQLi\Connection.php(330): mysqli->query('SELECT *\nFROM `...')
#1 C:\wamp64\www\evaluation\system\Database\BaseConnection.php(738): CodeIgniter\Database\MySQLi\Connection->execute('SELECT *\nFROM `...')
#2 C:\wamp64\www\evaluation\system\Database\BaseConnection.php(666): CodeIgniter\Database\BaseConnection->simpleQuery('SELECT *\nFROM `...')
#3 C:\wamp64\www\evaluation\system\Database\BaseBuilder.php(1819): CodeIgniter\Database\BaseConnection->query('SELECT *\nFROM `...', Array, false)
#4 C:\wamp64\www\evaluation\system\Model.php(482): CodeIgniter\Database\BaseBuilder->get()
#5 C:\wamp64\www\evaluation\app\Models\CustomersModel.php(16): CodeIgniter\Model->first()
#6 C:\wamp64\www\evaluation\app\Controllers\Customers.php(67): App\Models\CustomersModel->getData('1')
#7 C:\wamp64\www\evaluation\system\CodeIgniter.php(910): App\Controllers\Customers->editCustomer('1')
#8 C:\wamp64\www\evaluation\system\CodeIgniter.php(398): CodeIgniter\CodeIgniter->runController(Object(App\Controllers\Customers))
#9 C:\wamp64\www\evaluation\system\CodeIgniter.php(306): CodeIgniter\CodeIgniter->handleRequest(NULL, Object(Config\Cache), false)
#10 C:\wamp64\www\evaluation\public\index.php(45): CodeIgniter\CodeIgniter->run()
#11 {main}
CRITICAL - 2021-11-03 20:34:10 --> Unknown column 'id' in 'where clause'
#0 C:\wamp64\www\evaluation\system\Database\MySQLi\Connection.php(330): mysqli->query('SELECT *\nFROM `...')
#1 C:\wamp64\www\evaluation\system\Database\BaseConnection.php(738): CodeIgniter\Database\MySQLi\Connection->execute('SELECT *\nFROM `...')
#2 C:\wamp64\www\evaluation\system\Database\BaseConnection.php(666): CodeIgniter\Database\BaseConnection->simpleQuery('SELECT *\nFROM `...')
#3 C:\wamp64\www\evaluation\system\Database\BaseBuilder.php(1819): CodeIgniter\Database\BaseConnection->query('SELECT *\nFROM `...', Array, false)
#4 C:\wamp64\www\evaluation\system\Model.php(482): CodeIgniter\Database\BaseBuilder->get()
#5 C:\wamp64\www\evaluation\app\Models\CustomersModel.php(16): CodeIgniter\Model->first()
#6 C:\wamp64\www\evaluation\app\Controllers\Customers.php(67): App\Models\CustomersModel->getData('1')
#7 C:\wamp64\www\evaluation\system\CodeIgniter.php(910): App\Controllers\Customers->editCustomer('1')
#8 C:\wamp64\www\evaluation\system\CodeIgniter.php(398): CodeIgniter\CodeIgniter->runController(Object(App\Controllers\Customers))
#9 C:\wamp64\www\evaluation\system\CodeIgniter.php(306): CodeIgniter\CodeIgniter->handleRequest(NULL, Object(Config\Cache), false)
#10 C:\wamp64\www\evaluation\public\index.php(45): CodeIgniter\CodeIgniter->run()
#11 {main}
CRITICAL - 2021-11-03 20:34:43 --> Unknown column 'id' in 'where clause'
#0 C:\wamp64\www\evaluation\system\Database\MySQLi\Connection.php(330): mysqli->query('SELECT *\nFROM `...')
#1 C:\wamp64\www\evaluation\system\Database\BaseConnection.php(738): CodeIgniter\Database\MySQLi\Connection->execute('SELECT *\nFROM `...')
#2 C:\wamp64\www\evaluation\system\Database\BaseConnection.php(666): CodeIgniter\Database\BaseConnection->simpleQuery('SELECT *\nFROM `...')
#3 C:\wamp64\www\evaluation\system\Database\BaseBuilder.php(1819): CodeIgniter\Database\BaseConnection->query('SELECT *\nFROM `...', Array, false)
#4 C:\wamp64\www\evaluation\system\Model.php(482): CodeIgniter\Database\BaseBuilder->get()
#5 C:\wamp64\www\evaluation\app\Models\CustomersModel.php(16): CodeIgniter\Model->first()
#6 C:\wamp64\www\evaluation\app\Controllers\Customers.php(67): App\Models\CustomersModel->getData('1')
#7 C:\wamp64\www\evaluation\system\CodeIgniter.php(910): App\Controllers\Customers->editCustomer('1')
#8 C:\wamp64\www\evaluation\system\CodeIgniter.php(398): CodeIgniter\CodeIgniter->runController(Object(App\Controllers\Customers))
#9 C:\wamp64\www\evaluation\system\CodeIgniter.php(306): CodeIgniter\CodeIgniter->handleRequest(NULL, Object(Config\Cache), false)
#10 C:\wamp64\www\evaluation\public\index.php(45): CodeIgniter\CodeIgniter->run()
#11 {main}
CRITICAL - 2021-11-03 20:35:08 --> Unknown column 'id' in 'where clause'
#0 C:\wamp64\www\evaluation\system\Database\MySQLi\Connection.php(330): mysqli->query('SELECT *\nFROM `...')
#1 C:\wamp64\www\evaluation\system\Database\BaseConnection.php(738): CodeIgniter\Database\MySQLi\Connection->execute('SELECT *\nFROM `...')
#2 C:\wamp64\www\evaluation\system\Database\BaseConnection.php(666): CodeIgniter\Database\BaseConnection->simpleQuery('SELECT *\nFROM `...')
#3 C:\wamp64\www\evaluation\system\Database\BaseBuilder.php(1819): CodeIgniter\Database\BaseConnection->query('SELECT *\nFROM `...', Array, false)
#4 C:\wamp64\www\evaluation\system\Model.php(482): CodeIgniter\Database\BaseBuilder->get()
#5 C:\wamp64\www\evaluation\app\Models\CustomersModel.php(16): CodeIgniter\Model->first()
#6 C:\wamp64\www\evaluation\app\Controllers\Customers.php(67): App\Models\CustomersModel->getData('1')
#7 C:\wamp64\www\evaluation\system\CodeIgniter.php(910): App\Controllers\Customers->editCustomer('1')
#8 C:\wamp64\www\evaluation\system\CodeIgniter.php(398): CodeIgniter\CodeIgniter->runController(Object(App\Controllers\Customers))
#9 C:\wamp64\www\evaluation\system\CodeIgniter.php(306): CodeIgniter\CodeIgniter->handleRequest(NULL, Object(Config\Cache), false)
#10 C:\wamp64\www\evaluation\public\index.php(45): CodeIgniter\CodeIgniter->run()
#11 {main}
CRITICAL - 2021-11-03 20:35:39 --> Undefined index: idUsers
#0 C:\wamp64\www\evaluation\app\Views\customers\edit.php(45): CodeIgniter\Debug\Exceptions->errorHandler(8, 'Undefined index...', 'C:\\wamp64\\www\\e...', 45, Array)
#1 C:\wamp64\www\evaluation\system\View\View.php(236): include('C:\\wamp64\\www\\e...')
#2 C:\wamp64\www\evaluation\system\Common.php(1071): CodeIgniter\View\View->render('customers/edit', Array, true)
#3 C:\wamp64\www\evaluation\app\Views\common\layout.php(5): view('customers/edit')
#4 C:\wamp64\www\evaluation\system\View\View.php(236): include('C:\\wamp64\\www\\e...')
#5 C:\wamp64\www\evaluation\system\Common.php(1071): CodeIgniter\View\View->render('common/layout', Array, true)
#6 C:\wamp64\www\evaluation\app\Controllers\Customers.php(70): view('common/layout', Array)
#7 C:\wamp64\www\evaluation\system\CodeIgniter.php(910): App\Controllers\Customers->editCustomer('1')
#8 C:\wamp64\www\evaluation\system\CodeIgniter.php(398): CodeIgniter\CodeIgniter->runController(Object(App\Controllers\Customers))
#9 C:\wamp64\www\evaluation\system\CodeIgniter.php(306): CodeIgniter\CodeIgniter->handleRequest(NULL, Object(Config\Cache), false)
#10 C:\wamp64\www\evaluation\public\index.php(45): CodeIgniter\CodeIgniter->run()
#11 {main}
CRITICAL - 2021-11-03 20:35:39 --> Undefined index: idUsers
#0 C:\wamp64\www\evaluation\app\Views\customers\edit.php(45): CodeIgniter\Debug\Exceptions->errorHandler(8, 'Undefined index...', 'C:\\wamp64\\www\\e...', 45, Array)
#1 C:\wamp64\www\evaluation\system\View\View.php(236): include('C:\\wamp64\\www\\e...')
#2 C:\wamp64\www\evaluation\system\Common.php(1071): CodeIgniter\View\View->render('customers/edit', Array, true)
#3 C:\wamp64\www\evaluation\app\Views\common\layout.php(5): view('customers/edit')
#4 C:\wamp64\www\evaluation\system\View\View.php(236): include('C:\\wamp64\\www\\e...')
#5 C:\wamp64\www\evaluation\system\Common.php(1071): CodeIgniter\View\View->render('common/layout', Array, true)
#6 C:\wamp64\www\evaluation\app\Controllers\Customers.php(70): view('common/layout', Array)
#7 C:\wamp64\www\evaluation\system\CodeIgniter.php(910): App\Controllers\Customers->editCustomer('1')
#8 C:\wamp64\www\evaluation\system\CodeIgniter.php(398): CodeIgniter\CodeIgniter->runController(Object(App\Controllers\Customers))
#9 C:\wamp64\www\evaluation\system\CodeIgniter.php(306): CodeIgniter\CodeIgniter->handleRequest(NULL, Object(Config\Cache), false)
#10 C:\wamp64\www\evaluation\public\index.php(45): CodeIgniter\CodeIgniter->run()
#11 {main}
CRITICAL - 2021-11-03 20:39:26 --> Undefined index: password
#0 C:\wamp64\www\evaluation\app\Views\customers\edit.php(123): CodeIgniter\Debug\Exceptions->errorHandler(8, 'Undefined index...', 'C:\\wamp64\\www\\e...', 123, Array)
#1 C:\wamp64\www\evaluation\system\View\View.php(236): include('C:\\wamp64\\www\\e...')
#2 C:\wamp64\www\evaluation\system\Common.php(1071): CodeIgniter\View\View->render('customers/edit', Array, true)
#3 C:\wamp64\www\evaluation\app\Views\common\layout.php(5): view('customers/edit')
#4 C:\wamp64\www\evaluation\system\View\View.php(236): include('C:\\wamp64\\www\\e...')
#5 C:\wamp64\www\evaluation\system\Common.php(1071): CodeIgniter\View\View->render('common/layout', Array, true)
#6 C:\wamp64\www\evaluation\app\Controllers\Customers.php(70): view('common/layout', Array)
#7 C:\wamp64\www\evaluation\system\CodeIgniter.php(910): App\Controllers\Customers->editCustomer('1')
#8 C:\wamp64\www\evaluation\system\CodeIgniter.php(398): CodeIgniter\CodeIgniter->runController(Object(App\Controllers\Customers))
#9 C:\wamp64\www\evaluation\system\CodeIgniter.php(306): CodeIgniter\CodeIgniter->handleRequest(NULL, Object(Config\Cache), false)
#10 C:\wamp64\www\evaluation\public\index.php(45): CodeIgniter\CodeIgniter->run()
#11 {main}
CRITICAL - 2021-11-03 20:39:26 --> Undefined index: password
#0 C:\wamp64\www\evaluation\app\Views\customers\edit.php(123): CodeIgniter\Debug\Exceptions->errorHandler(8, 'Undefined index...', 'C:\\wamp64\\www\\e...', 123, Array)
#1 C:\wamp64\www\evaluation\system\View\View.php(236): include('C:\\wamp64\\www\\e...')
#2 C:\wamp64\www\evaluation\system\Common.php(1071): CodeIgniter\View\View->render('customers/edit', Array, true)
#3 C:\wamp64\www\evaluation\app\Views\common\layout.php(5): view('customers/edit')
#4 C:\wamp64\www\evaluation\system\View\View.php(236): include('C:\\wamp64\\www\\e...')
#5 C:\wamp64\www\evaluation\system\Common.php(1071): CodeIgniter\View\View->render('common/layout', Array, true)
#6 C:\wamp64\www\evaluation\app\Controllers\Customers.php(70): view('common/layout', Array)
#7 C:\wamp64\www\evaluation\system\CodeIgniter.php(910): App\Controllers\Customers->editCustomer('1')
#8 C:\wamp64\www\evaluation\system\CodeIgniter.php(398): CodeIgniter\CodeIgniter->runController(Object(App\Controllers\Customers))
#9 C:\wamp64\www\evaluation\system\CodeIgniter.php(306): CodeIgniter\CodeIgniter->handleRequest(NULL, Object(Config\Cache), false)
#10 C:\wamp64\www\evaluation\public\index.php(45): CodeIgniter\CodeIgniter->run()
#11 {main}
CRITICAL - 2021-11-03 20:41:14 --> Undefined index: newsletter
#0 C:\wamp64\www\evaluation\app\Views\customers\edit.php(148): CodeIgniter\Debug\Exceptions->errorHandler(8, 'Undefined index...', 'C:\\wamp64\\www\\e...', 148, Array)
#1 C:\wamp64\www\evaluation\system\View\View.php(236): include('C:\\wamp64\\www\\e...')
#2 C:\wamp64\www\evaluation\system\Common.php(1071): CodeIgniter\View\View->render('customers/edit', Array, true)
#3 C:\wamp64\www\evaluation\app\Views\common\layout.php(5): view('customers/edit')
#4 C:\wamp64\www\evaluation\system\View\View.php(236): include('C:\\wamp64\\www\\e...')
#5 C:\wamp64\www\evaluation\system\Common.php(1071): CodeIgniter\View\View->render('common/layout', Array, true)
#6 C:\wamp64\www\evaluation\app\Controllers\Customers.php(70): view('common/layout', Array)
#7 C:\wamp64\www\evaluation\system\CodeIgniter.php(910): App\Controllers\Customers->editCustomer('1')
#8 C:\wamp64\www\evaluation\system\CodeIgniter.php(398): CodeIgniter\CodeIgniter->runController(Object(App\Controllers\Customers))
#9 C:\wamp64\www\evaluation\system\CodeIgniter.php(306): CodeIgniter\CodeIgniter->handleRequest(NULL, Object(Config\Cache), false)
#10 C:\wamp64\www\evaluation\public\index.php(45): CodeIgniter\CodeIgniter->run()
#11 {main}
CRITICAL - 2021-11-03 20:41:14 --> Undefined index: newsletter
#0 C:\wamp64\www\evaluation\app\Views\customers\edit.php(148): CodeIgniter\Debug\Exceptions->errorHandler(8, 'Undefined index...', 'C:\\wamp64\\www\\e...', 148, Array)
#1 C:\wamp64\www\evaluation\system\View\View.php(236): include('C:\\wamp64\\www\\e...')
#2 C:\wamp64\www\evaluation\system\Common.php(1071): CodeIgniter\View\View->render('customers/edit', Array, true)
#3 C:\wamp64\www\evaluation\app\Views\common\layout.php(5): view('customers/edit')
#4 C:\wamp64\www\evaluation\system\View\View.php(236): include('C:\\wamp64\\www\\e...')
#5 C:\wamp64\www\evaluation\system\Common.php(1071): CodeIgniter\View\View->render('common/layout', Array, true)
#6 C:\wamp64\www\evaluation\app\Controllers\Customers.php(70): view('common/layout', Array)
#7 C:\wamp64\www\evaluation\system\CodeIgniter.php(910): App\Controllers\Customers->editCustomer('1')
#8 C:\wamp64\www\evaluation\system\CodeIgniter.php(398): CodeIgniter\CodeIgniter->runController(Object(App\Controllers\Customers))
#9 C:\wamp64\www\evaluation\system\CodeIgniter.php(306): CodeIgniter\CodeIgniter->handleRequest(NULL, Object(Config\Cache), false)
#10 C:\wamp64\www\evaluation\public\index.php(45): CodeIgniter\CodeIgniter->run()
#11 {main}
CRITICAL - 2021-11-03 20:42:36 --> Call to undefined method App\Controllers\Customers::editCustomers()
#0 C:\wamp64\www\evaluation\system\CodeIgniter.php(910): App\Controllers\Customers->editCustomerToDB('1')
#1 C:\wamp64\www\evaluation\system\CodeIgniter.php(398): CodeIgniter\CodeIgniter->runController(Object(App\Controllers\Customers))
#2 C:\wamp64\www\evaluation\system\CodeIgniter.php(306): CodeIgniter\CodeIgniter->handleRequest(NULL, Object(Config\Cache), false)
#3 C:\wamp64\www\evaluation\public\index.php(45): CodeIgniter\CodeIgniter->run()
#4 {main}
