CRITICAL - 2021-11-02 05:14:23 --> Trying to access array offset on value of type null
#0 C:\wamp64\www\evaluation\app\Views\users\edit.php(40): CodeIgniter\Debug\Exceptions->errorHandler(8, 'Trying to acces...', 'C:\\wamp64\\www\\e...', 40, Array)
#1 C:\wamp64\www\evaluation\system\View\View.php(236): include('C:\\wamp64\\www\\e...')
#2 C:\wamp64\www\evaluation\system\Common.php(1071): CodeIgniter\View\View->render('users/edit', Array, true)
#3 C:\wamp64\www\evaluation\app\Views\common\layout.php(5): view('users/edit')
#4 C:\wamp64\www\evaluation\system\View\View.php(236): include('C:\\wamp64\\www\\e...')
#5 C:\wamp64\www\evaluation\system\Common.php(1071): CodeIgniter\View\View->render('common/layout', Array, true)
#6 C:\wamp64\www\evaluation\app\Controllers\Users.php(27): view('common/layout', Array)
#7 C:\wamp64\www\evaluation\system\CodeIgniter.php(910): App\Controllers\Users->editUser('media', 'sound', 'messagebox.mp3')
#8 C:\wamp64\www\evaluation\system\CodeIgniter.php(398): CodeIgniter\CodeIgniter->runController(Object(App\Controllers\Users))
#9 C:\wamp64\www\evaluation\system\CodeIgniter.php(306): CodeIgniter\CodeIgniter->handleRequest(NULL, Object(Config\Cache), false)
#10 C:\wamp64\www\evaluation\public\index.php(45): CodeIgniter\CodeIgniter->run()
#11 {main}
CRITICAL - 2021-11-02 09:57:52 --> Undefined index: username
#0 C:\wamp64\www\evaluation\app\Views\users\edit.php(59): CodeIgniter\Debug\Exceptions->errorHandler(8, 'Undefined index...', 'C:\\wamp64\\www\\e...', 59, Array)
#1 C:\wamp64\www\evaluation\system\View\View.php(236): include('C:\\wamp64\\www\\e...')
#2 C:\wamp64\www\evaluation\system\Common.php(1071): CodeIgniter\View\View->render('users/edit', Array, true)
#3 C:\wamp64\www\evaluation\app\Views\common\layout.php(5): view('users/edit')
#4 C:\wamp64\www\evaluation\system\View\View.php(236): include('C:\\wamp64\\www\\e...')
#5 C:\wamp64\www\evaluation\system\Common.php(1071): CodeIgniter\View\View->render('common/layout', Array, true)
#6 C:\wamp64\www\evaluation\app\Controllers\Users.php(27): view('common/layout', Array)
#7 C:\wamp64\www\evaluation\system\CodeIgniter.php(910): App\Controllers\Users->editUser('1')
#8 C:\wamp64\www\evaluation\system\CodeIgniter.php(398): CodeIgniter\CodeIgniter->runController(Object(App\Controllers\Users))
#9 C:\wamp64\www\evaluation\system\CodeIgniter.php(306): CodeIgniter\CodeIgniter->handleRequest(NULL, Object(Config\Cache), false)
#10 C:\wamp64\www\evaluation\public\index.php(45): CodeIgniter\CodeIgniter->run()
#11 {main}
CRITICAL - 2021-11-02 09:57:52 --> Undefined index: username
#0 C:\wamp64\www\evaluation\app\Views\users\edit.php(59): CodeIgniter\Debug\Exceptions->errorHandler(8, 'Undefined index...', 'C:\\wamp64\\www\\e...', 59, Array)
#1 C:\wamp64\www\evaluation\system\View\View.php(236): include('C:\\wamp64\\www\\e...')
#2 C:\wamp64\www\evaluation\system\Common.php(1071): CodeIgniter\View\View->render('users/edit', Array, true)
#3 C:\wamp64\www\evaluation\app\Views\common\layout.php(5): view('users/edit')
#4 C:\wamp64\www\evaluation\system\View\View.php(236): include('C:\\wamp64\\www\\e...')
#5 C:\wamp64\www\evaluation\system\Common.php(1071): CodeIgniter\View\View->render('common/layout', Array, true)
#6 C:\wamp64\www\evaluation\app\Controllers\Users.php(27): view('common/layout', Array)
#7 C:\wamp64\www\evaluation\system\CodeIgniter.php(910): App\Controllers\Users->editUser('1')
#8 C:\wamp64\www\evaluation\system\CodeIgniter.php(398): CodeIgniter\CodeIgniter->runController(Object(App\Controllers\Users))
#9 C:\wamp64\www\evaluation\system\CodeIgniter.php(306): CodeIgniter\CodeIgniter->handleRequest(NULL, Object(Config\Cache), false)
#10 C:\wamp64\www\evaluation\public\index.php(45): CodeIgniter\CodeIgniter->run()
#11 {main}
CRITICAL - 2021-11-02 09:58:10 --> Undefined index: username
#0 C:\wamp64\www\evaluation\app\Views\users\edit.php(59): CodeIgniter\Debug\Exceptions->errorHandler(8, 'Undefined index...', 'C:\\wamp64\\www\\e...', 59, Array)
#1 C:\wamp64\www\evaluation\system\View\View.php(236): include('C:\\wamp64\\www\\e...')
#2 C:\wamp64\www\evaluation\system\Common.php(1071): CodeIgniter\View\View->render('users/edit', Array, true)
#3 C:\wamp64\www\evaluation\app\Views\common\layout.php(5): view('users/edit')
#4 C:\wamp64\www\evaluation\system\View\View.php(236): include('C:\\wamp64\\www\\e...')
#5 C:\wamp64\www\evaluation\system\Common.php(1071): CodeIgniter\View\View->render('common/layout', Array, true)
#6 C:\wamp64\www\evaluation\app\Controllers\Users.php(27): view('common/layout', Array)
#7 C:\wamp64\www\evaluation\system\CodeIgniter.php(910): App\Controllers\Users->editUser('1')
#8 C:\wamp64\www\evaluation\system\CodeIgniter.php(398): CodeIgniter\CodeIgniter->runController(Object(App\Controllers\Users))
#9 C:\wamp64\www\evaluation\system\CodeIgniter.php(306): CodeIgniter\CodeIgniter->handleRequest(NULL, Object(Config\Cache), false)
#10 C:\wamp64\www\evaluation\public\index.php(45): CodeIgniter\CodeIgniter->run()
#11 {main}
CRITICAL - 2021-11-02 09:58:10 --> Undefined index: username
#0 C:\wamp64\www\evaluation\app\Views\users\edit.php(59): CodeIgniter\Debug\Exceptions->errorHandler(8, 'Undefined index...', 'C:\\wamp64\\www\\e...', 59, Array)
#1 C:\wamp64\www\evaluation\system\View\View.php(236): include('C:\\wamp64\\www\\e...')
#2 C:\wamp64\www\evaluation\system\Common.php(1071): CodeIgniter\View\View->render('users/edit', Array, true)
#3 C:\wamp64\www\evaluation\app\Views\common\layout.php(5): view('users/edit')
#4 C:\wamp64\www\evaluation\system\View\View.php(236): include('C:\\wamp64\\www\\e...')
#5 C:\wamp64\www\evaluation\system\Common.php(1071): CodeIgniter\View\View->render('common/layout', Array, true)
#6 C:\wamp64\www\evaluation\app\Controllers\Users.php(27): view('common/layout', Array)
#7 C:\wamp64\www\evaluation\system\CodeIgniter.php(910): App\Controllers\Users->editUser('1')
#8 C:\wamp64\www\evaluation\system\CodeIgniter.php(398): CodeIgniter\CodeIgniter->runController(Object(App\Controllers\Users))
#9 C:\wamp64\www\evaluation\system\CodeIgniter.php(306): CodeIgniter\CodeIgniter->handleRequest(NULL, Object(Config\Cache), false)
#10 C:\wamp64\www\evaluation\public\index.php(45): CodeIgniter\CodeIgniter->run()
#11 {main}
CRITICAL - 2021-11-02 10:02:36 --> Trying to access array offset on value of type null
#0 C:\wamp64\www\evaluation\app\Views\users\edit.php(40): CodeIgniter\Debug\Exceptions->errorHandler(8, 'Trying to acces...', 'C:\\wamp64\\www\\e...', 40, Array)
#1 C:\wamp64\www\evaluation\system\View\View.php(236): include('C:\\wamp64\\www\\e...')
#2 C:\wamp64\www\evaluation\system\Common.php(1071): CodeIgniter\View\View->render('users/edit', Array, true)
#3 C:\wamp64\www\evaluation\app\Views\common\layout.php(5): view('users/edit')
#4 C:\wamp64\www\evaluation\system\View\View.php(236): include('C:\\wamp64\\www\\e...')
#5 C:\wamp64\www\evaluation\system\Common.php(1071): CodeIgniter\View\View->render('common/layout', Array, true)
#6 C:\wamp64\www\evaluation\app\Controllers\Users.php(27): view('common/layout', Array)
#7 C:\wamp64\www\evaluation\system\CodeIgniter.php(910): App\Controllers\Users->editUser('intel_marketing...')
#8 C:\wamp64\www\evaluation\system\CodeIgniter.php(398): CodeIgniter\CodeIgniter->runController(Object(App\Controllers\Users))
#9 C:\wamp64\www\evaluation\system\CodeIgniter.php(306): CodeIgniter\CodeIgniter->handleRequest(NULL, Object(Config\Cache), false)
#10 C:\wamp64\www\evaluation\public\index.php(45): CodeIgniter\CodeIgniter->run()
#11 {main}
CRITICAL - 2021-11-02 10:02:36 --> Trying to access array offset on value of type null
#0 C:\wamp64\www\evaluation\app\Views\users\edit.php(40): CodeIgniter\Debug\Exceptions->errorHandler(8, 'Trying to acces...', 'C:\\wamp64\\www\\e...', 40, Array)
#1 C:\wamp64\www\evaluation\system\View\View.php(236): include('C:\\wamp64\\www\\e...')
#2 C:\wamp64\www\evaluation\system\Common.php(1071): CodeIgniter\View\View->render('users/edit', Array, true)
#3 C:\wamp64\www\evaluation\app\Views\common\layout.php(5): view('users/edit')
#4 C:\wamp64\www\evaluation\system\View\View.php(236): include('C:\\wamp64\\www\\e...')
#5 C:\wamp64\www\evaluation\system\Common.php(1071): CodeIgniter\View\View->render('common/layout', Array, true)
#6 C:\wamp64\www\evaluation\app\Controllers\Users.php(27): view('common/layout', Array)
#7 C:\wamp64\www\evaluation\system\CodeIgniter.php(910): App\Controllers\Users->editUser('intel_marketing...')
#8 C:\wamp64\www\evaluation\system\CodeIgniter.php(398): CodeIgniter\CodeIgniter->runController(Object(App\Controllers\Users))
#9 C:\wamp64\www\evaluation\system\CodeIgniter.php(306): CodeIgniter\CodeIgniter->handleRequest(NULL, Object(Config\Cache), false)
#10 C:\wamp64\www\evaluation\public\index.php(45): CodeIgniter\CodeIgniter->run()
#11 {main}
CRITICAL - 2021-11-02 10:17:25 --> Undefined index: username
#0 C:\wamp64\www\evaluation\app\Controllers\Home.php(103): CodeIgniter\Debug\Exceptions->errorHandler(8, 'Undefined index...', 'C:\\wamp64\\www\\e...', 103, Array)
#1 C:\wamp64\www\evaluation\system\CodeIgniter.php(910): App\Controllers\Home->loginUser()
#2 C:\wamp64\www\evaluation\system\CodeIgniter.php(398): CodeIgniter\CodeIgniter->runController(Object(App\Controllers\Home))
#3 C:\wamp64\www\evaluation\system\CodeIgniter.php(306): CodeIgniter\CodeIgniter->handleRequest(NULL, Object(Config\Cache), false)
#4 C:\wamp64\www\evaluation\public\index.php(45): CodeIgniter\CodeIgniter->run()
#5 {main}
CRITICAL - 2021-11-02 10:26:41 --> Call to undefined method CodeIgniter\HTTP\IncomingRequest::post()
#0 C:\wamp64\www\evaluation\system\CodeIgniter.php(910): App\Controllers\Users->editUser('1')
#1 C:\wamp64\www\evaluation\system\CodeIgniter.php(398): CodeIgniter\CodeIgniter->runController(Object(App\Controllers\Users))
#2 C:\wamp64\www\evaluation\system\CodeIgniter.php(306): CodeIgniter\CodeIgniter->handleRequest(NULL, Object(Config\Cache), false)
#3 C:\wamp64\www\evaluation\public\index.php(45): CodeIgniter\CodeIgniter->run()
#4 {main}
CRITICAL - 2021-11-02 10:52:57 --> Call to undefined method App\Controllers\Users::editOrder()
#0 C:\wamp64\www\evaluation\system\CodeIgniter.php(910): App\Controllers\Users->editUserToDB('1')
#1 C:\wamp64\www\evaluation\system\CodeIgniter.php(398): CodeIgniter\CodeIgniter->runController(Object(App\Controllers\Users))
#2 C:\wamp64\www\evaluation\system\CodeIgniter.php(306): CodeIgniter\CodeIgniter->handleRequest(NULL, Object(Config\Cache), false)
#3 C:\wamp64\www\evaluation\public\index.php(45): CodeIgniter\CodeIgniter->run()
#4 {main}
CRITICAL - 2021-11-02 11:53:37 --> Allowed fields must be specified for model: App\Models\UsersModel
#0 C:\wamp64\www\evaluation\system\Model.php(1218): CodeIgniter\Database\Exceptions\DataException::forInvalidAllowedFields('App\\Models\\User...')
#1 C:\wamp64\www\evaluation\system\Model.php(832): CodeIgniter\Model->doProtectFields(Array)
#2 C:\wamp64\www\evaluation\app\Models\UsersModel.php(30): CodeIgniter\Model->update(Array, Array)
#3 C:\wamp64\www\evaluation\app\Controllers\Users.php(58): App\Models\UsersModel->update_order('1', Array)
#4 C:\wamp64\www\evaluation\system\CodeIgniter.php(910): App\Controllers\Users->editUserToDB('1')
#5 C:\wamp64\www\evaluation\system\CodeIgniter.php(398): CodeIgniter\CodeIgniter->runController(Object(App\Controllers\Users))
#6 C:\wamp64\www\evaluation\system\CodeIgniter.php(306): CodeIgniter\CodeIgniter->handleRequest(NULL, Object(Config\Cache), false)
#7 C:\wamp64\www\evaluation\public\index.php(45): CodeIgniter\CodeIgniter->run()
#8 {main}
CRITICAL - 2021-11-02 11:55:58 --> Trying to access array offset on value of type null
#0 C:\wamp64\www\evaluation\app\Views\users\edit.php(38): CodeIgniter\Debug\Exceptions->errorHandler(8, 'Trying to acces...', 'C:\\wamp64\\www\\e...', 38, Array)
#1 C:\wamp64\www\evaluation\system\View\View.php(236): include('C:\\wamp64\\www\\e...')
#2 C:\wamp64\www\evaluation\system\Common.php(1071): CodeIgniter\View\View->render('users/edit', Array, true)
#3 C:\wamp64\www\evaluation\app\Views\common\layout.php(5): view('users/edit')
#4 C:\wamp64\www\evaluation\system\View\View.php(236): include('C:\\wamp64\\www\\e...')
#5 C:\wamp64\www\evaluation\system\Common.php(1071): CodeIgniter\View\View->render('common/layout', Array, true)
#6 C:\wamp64\www\evaluation\app\Controllers\Users.php(23): view('common/layout', Array)
#7 C:\wamp64\www\evaluation\system\CodeIgniter.php(910): App\Controllers\Users->editUser('intel_analytics...')
#8 C:\wamp64\www\evaluation\system\CodeIgniter.php(398): CodeIgniter\CodeIgniter->runController(Object(App\Controllers\Users))
#9 C:\wamp64\www\evaluation\system\CodeIgniter.php(306): CodeIgniter\CodeIgniter->handleRequest(NULL, Object(Config\Cache), false)
#10 C:\wamp64\www\evaluation\public\index.php(45): CodeIgniter\CodeIgniter->run()
#11 {main}
CRITICAL - 2021-11-02 11:55:58 --> Trying to access array offset on value of type null
#0 C:\wamp64\www\evaluation\app\Views\users\edit.php(38): CodeIgniter\Debug\Exceptions->errorHandler(8, 'Trying to acces...', 'C:\\wamp64\\www\\e...', 38, Array)
#1 C:\wamp64\www\evaluation\system\View\View.php(236): include('C:\\wamp64\\www\\e...')
#2 C:\wamp64\www\evaluation\system\Common.php(1071): CodeIgniter\View\View->render('users/edit', Array, true)
#3 C:\wamp64\www\evaluation\app\Views\common\layout.php(5): view('users/edit')
#4 C:\wamp64\www\evaluation\system\View\View.php(236): include('C:\\wamp64\\www\\e...')
#5 C:\wamp64\www\evaluation\system\Common.php(1071): CodeIgniter\View\View->render('common/layout', Array, true)
#6 C:\wamp64\www\evaluation\app\Controllers\Users.php(23): view('common/layout', Array)
#7 C:\wamp64\www\evaluation\system\CodeIgniter.php(910): App\Controllers\Users->editUser('intel_analytics...')
#8 C:\wamp64\www\evaluation\system\CodeIgniter.php(398): CodeIgniter\CodeIgniter->runController(Object(App\Controllers\Users))
#9 C:\wamp64\www\evaluation\system\CodeIgniter.php(306): CodeIgniter\CodeIgniter->handleRequest(NULL, Object(Config\Cache), false)
#10 C:\wamp64\www\evaluation\public\index.php(45): CodeIgniter\CodeIgniter->run()
#11 {main}
CRITICAL - 2021-11-02 13:00:29 --> Undefined property: App\Controllers\Dashboard::$uri
#0 C:\wamp64\www\evaluation\app\Controllers\Dashboard.php(12): CodeIgniter\Debug\Exceptions->errorHandler(8, 'Undefined prope...', 'C:\\wamp64\\www\\e...', 12, Array)
#1 C:\wamp64\www\evaluation\system\CodeIgniter.php(910): App\Controllers\Dashboard->index()
#2 C:\wamp64\www\evaluation\system\CodeIgniter.php(398): CodeIgniter\CodeIgniter->runController(Object(App\Controllers\Dashboard))
#3 C:\wamp64\www\evaluation\system\CodeIgniter.php(306): CodeIgniter\CodeIgniter->handleRequest(NULL, Object(Config\Cache), false)
#4 C:\wamp64\www\evaluation\public\index.php(45): CodeIgniter\CodeIgniter->run()
#5 {main}
CRITICAL - 2021-11-02 13:01:55 --> Uncaught ErrorException: Array to string conversion in C:\wamp64\www\evaluation\app\Controllers\Dashboard.php:12
Stack trace:
#0 C:\wamp64\www\evaluation\app\Controllers\Dashboard.php(12): CodeIgniter\Debug\Exceptions->errorHandler(8, 'Array to string...', 'C:\\wamp64\\www\\e...', 12, Array)
#1 C:\wamp64\www\evaluation\system\CodeIgniter.php(910): App\Controllers\Dashboard->index()
#2 C:\wamp64\www\evaluation\system\CodeIgniter.php(398): CodeIgniter\CodeIgniter->runController(Object(App\Controllers\Dashboard))
#3 C:\wamp64\www\evaluation\system\CodeIgniter.php(306): CodeIgniter\CodeIgniter->handleRequest(NULL, Object(Config\Cache), false)
#4 C:\wamp64\www\evaluation\public\index.php(45): CodeIgniter\CodeIgniter->run()
#5 {main}
  thrown
#0 [internal function]: CodeIgniter\Debug\Exceptions->shutdownHandler()
#1 {main}
CRITICAL - 2021-11-02 13:07:20 --> syntax error, unexpected 'if' (T_IF)
#0 C:\wamp64\www\evaluation\system\Common.php(1071): CodeIgniter\View\View->render('common/menu', Array, true)
#1 C:\wamp64\www\evaluation\app\Views\common\layout.php(3): view('common/menu')
#2 C:\wamp64\www\evaluation\system\View\View.php(236): include('C:\\wamp64\\www\\e...')
#3 C:\wamp64\www\evaluation\system\Common.php(1071): CodeIgniter\View\View->render('common/layout', Array, true)
#4 C:\wamp64\www\evaluation\app\Controllers\Dashboard.php(15): view('common/layout', Array)
#5 C:\wamp64\www\evaluation\system\CodeIgniter.php(910): App\Controllers\Dashboard->index()
#6 C:\wamp64\www\evaluation\system\CodeIgniter.php(398): CodeIgniter\CodeIgniter->runController(Object(App\Controllers\Dashboard))
#7 C:\wamp64\www\evaluation\system\CodeIgniter.php(306): CodeIgniter\CodeIgniter->handleRequest(NULL, Object(Config\Cache), false)
#8 C:\wamp64\www\evaluation\public\index.php(45): CodeIgniter\CodeIgniter->run()
#9 {main}
CRITICAL - 2021-11-02 13:07:20 --> syntax error, unexpected 'if' (T_IF)
#0 C:\wamp64\www\evaluation\system\Common.php(1071): CodeIgniter\View\View->render('common/menu', Array, true)
#1 C:\wamp64\www\evaluation\app\Views\common\layout.php(3): view('common/menu')
#2 C:\wamp64\www\evaluation\system\View\View.php(236): include('C:\\wamp64\\www\\e...')
#3 C:\wamp64\www\evaluation\system\Common.php(1071): CodeIgniter\View\View->render('common/layout', Array, true)
#4 C:\wamp64\www\evaluation\app\Controllers\Dashboard.php(15): view('common/layout', Array)
#5 C:\wamp64\www\evaluation\system\CodeIgniter.php(910): App\Controllers\Dashboard->index()
#6 C:\wamp64\www\evaluation\system\CodeIgniter.php(398): CodeIgniter\CodeIgniter->runController(Object(App\Controllers\Dashboard))
#7 C:\wamp64\www\evaluation\system\CodeIgniter.php(306): CodeIgniter\CodeIgniter->handleRequest(NULL, Object(Config\Cache), false)
#8 C:\wamp64\www\evaluation\public\index.php(45): CodeIgniter\CodeIgniter->run()
#9 {main}
CRITICAL - 2021-11-02 13:08:32 --> Array to string conversion
#0 C:\wamp64\www\evaluation\app\Views\common\menu.php(50): CodeIgniter\Debug\Exceptions->errorHandler(8, 'Array to string...', 'C:\\wamp64\\www\\e...', 50, Array)
#1 C:\wamp64\www\evaluation\system\View\View.php(236): include('C:\\wamp64\\www\\e...')
#2 C:\wamp64\www\evaluation\system\Common.php(1071): CodeIgniter\View\View->render('common/menu', Array, true)
#3 C:\wamp64\www\evaluation\app\Views\common\layout.php(3): view('common/menu')
#4 C:\wamp64\www\evaluation\system\View\View.php(236): include('C:\\wamp64\\www\\e...')
#5 C:\wamp64\www\evaluation\system\Common.php(1071): CodeIgniter\View\View->render('common/layout', Array, true)
#6 C:\wamp64\www\evaluation\app\Controllers\Dashboard.php(15): view('common/layout', Array)
#7 C:\wamp64\www\evaluation\system\CodeIgniter.php(910): App\Controllers\Dashboard->index()
#8 C:\wamp64\www\evaluation\system\CodeIgniter.php(398): CodeIgniter\CodeIgniter->runController(Object(App\Controllers\Dashboard))
#9 C:\wamp64\www\evaluation\system\CodeIgniter.php(306): CodeIgniter\CodeIgniter->handleRequest(NULL, Object(Config\Cache), false)
#10 C:\wamp64\www\evaluation\public\index.php(45): CodeIgniter\CodeIgniter->run()
#11 {main}
CRITICAL - 2021-11-02 13:08:32 --> Array to string conversion
#0 C:\wamp64\www\evaluation\app\Views\common\menu.php(50): CodeIgniter\Debug\Exceptions->errorHandler(8, 'Array to string...', 'C:\\wamp64\\www\\e...', 50, Array)
#1 C:\wamp64\www\evaluation\system\View\View.php(236): include('C:\\wamp64\\www\\e...')
#2 C:\wamp64\www\evaluation\system\Common.php(1071): CodeIgniter\View\View->render('common/menu', Array, true)
#3 C:\wamp64\www\evaluation\app\Views\common\layout.php(3): view('common/menu')
#4 C:\wamp64\www\evaluation\system\View\View.php(236): include('C:\\wamp64\\www\\e...')
#5 C:\wamp64\www\evaluation\system\Common.php(1071): CodeIgniter\View\View->render('common/layout', Array, true)
#6 C:\wamp64\www\evaluation\app\Controllers\Dashboard.php(15): view('common/layout', Array)
#7 C:\wamp64\www\evaluation\system\CodeIgniter.php(910): App\Controllers\Dashboard->index()
#8 C:\wamp64\www\evaluation\system\CodeIgniter.php(398): CodeIgniter\CodeIgniter->runController(Object(App\Controllers\Dashboard))
#9 C:\wamp64\www\evaluation\system\CodeIgniter.php(306): CodeIgniter\CodeIgniter->handleRequest(NULL, Object(Config\Cache), false)
#10 C:\wamp64\www\evaluation\public\index.php(45): CodeIgniter\CodeIgniter->run()
#11 {main}
CRITICAL - 2021-11-02 13:08:50 --> Uncaught ErrorException: Array to string conversion in C:\wamp64\www\evaluation\app\Views\common\menu.php:50
Stack trace:
#0 C:\wamp64\www\evaluation\app\Views\common\menu.php(50): CodeIgniter\Debug\Exceptions->errorHandler(8, 'Array to string...', 'C:\\wamp64\\www\\e...', 50, Array)
#1 C:\wamp64\www\evaluation\system\View\View.php(236): include('C:\\wamp64\\www\\e...')
#2 C:\wamp64\www\evaluation\system\Common.php(1071): CodeIgniter\View\View->render('common/menu', Array, true)
#3 C:\wamp64\www\evaluation\app\Views\common\layout.php(3): view('common/menu')
#4 C:\wamp64\www\evaluation\system\View\View.php(236): include('C:\\wamp64\\www\\e...')
#5 C:\wamp64\www\evaluation\system\Common.php(1071): CodeIgniter\View\View->render('common/layout', Array, true)
#6 C:\wamp64\www\evaluation\app\Controllers\Dashboard.php(15): view('common/layout', Array)
#7 C:\wamp64\www\evaluation\system\CodeIgniter.php(910): App\Controllers\Dashboard->index()
#8 C:\wamp64\www\evaluation\system\CodeIgniter.php(398): CodeIgniter\CodeIg
#0 [internal function]: CodeIgniter\Debug\Exceptions->shutdownHandler()
#1 {main}
CRITICAL - 2021-11-02 13:08:50 --> Uncaught ErrorException: Array to string conversion in C:\wamp64\www\evaluation\app\Views\common\menu.php:50
Stack trace:
#0 C:\wamp64\www\evaluation\app\Views\common\menu.php(50): CodeIgniter\Debug\Exceptions->errorHandler(8, 'Array to string...', 'C:\\wamp64\\www\\e...', 50, Array)
#1 C:\wamp64\www\evaluation\system\View\View.php(236): include('C:\\wamp64\\www\\e...')
#2 C:\wamp64\www\evaluation\system\Common.php(1071): CodeIgniter\View\View->render('common/menu', Array, true)
#3 C:\wamp64\www\evaluation\app\Views\common\layout.php(3): view('common/menu')
#4 C:\wamp64\www\evaluation\system\View\View.php(236): include('C:\\wamp64\\www\\e...')
#5 C:\wamp64\www\evaluation\system\Common.php(1071): CodeIgniter\View\View->render('common/layout', Array, true)
#6 C:\wamp64\www\evaluation\app\Controllers\Dashboard.php(15): view('common/layout', Array)
#7 C:\wamp64\www\evaluation\system\CodeIgniter.php(910): App\Controllers\Dashboard->index()
#8 C:\wamp64\www\evaluation\system\CodeIgniter.php(398): CodeIgniter\CodeIg
#0 [internal function]: CodeIgniter\Debug\Exceptions->shutdownHandler()
#1 {main}
CRITICAL - 2021-11-02 13:09:15 --> Uncaught ErrorException: Undefined variable: data in C:\wamp64\www\evaluation\app\Views\common\menu.php:50
Stack trace:
#0 C:\wamp64\www\evaluation\app\Views\common\menu.php(50): CodeIgniter\Debug\Exceptions->errorHandler(8, 'Undefined varia...', 'C:\\wamp64\\www\\e...', 50, Array)
#1 C:\wamp64\www\evaluation\system\View\View.php(236): include('C:\\wamp64\\www\\e...')
#2 C:\wamp64\www\evaluation\system\Common.php(1071): CodeIgniter\View\View->render('common/menu', Array, true)
#3 C:\wamp64\www\evaluation\app\Views\common\layout.php(3): view('common/menu')
#4 C:\wamp64\www\evaluation\system\View\View.php(236): include('C:\\wamp64\\www\\e...')
#5 C:\wamp64\www\evaluation\system\Common.php(1071): CodeIgniter\View\View->render('common/layout', Array, true)
#6 C:\wamp64\www\evaluation\app\Controllers\Dashboard.php(15): view('common/layout', Array)
#7 C:\wamp64\www\evaluation\system\CodeIgniter.php(910): App\Controllers\Dashboard->index()
#8 C:\wamp64\www\evaluation\system\CodeIgniter.php(398): CodeIgniter\CodeIgni
#0 [internal function]: CodeIgniter\Debug\Exceptions->shutdownHandler()
#1 {main}
CRITICAL - 2021-11-02 13:09:15 --> Uncaught ErrorException: Undefined variable: data in C:\wamp64\www\evaluation\app\Views\common\menu.php:50
Stack trace:
#0 C:\wamp64\www\evaluation\app\Views\common\menu.php(50): CodeIgniter\Debug\Exceptions->errorHandler(8, 'Undefined varia...', 'C:\\wamp64\\www\\e...', 50, Array)
#1 C:\wamp64\www\evaluation\system\View\View.php(236): include('C:\\wamp64\\www\\e...')
#2 C:\wamp64\www\evaluation\system\Common.php(1071): CodeIgniter\View\View->render('common/menu', Array, true)
#3 C:\wamp64\www\evaluation\app\Views\common\layout.php(3): view('common/menu')
#4 C:\wamp64\www\evaluation\system\View\View.php(236): include('C:\\wamp64\\www\\e...')
#5 C:\wamp64\www\evaluation\system\Common.php(1071): CodeIgniter\View\View->render('common/layout', Array, true)
#6 C:\wamp64\www\evaluation\app\Controllers\Dashboard.php(15): view('common/layout', Array)
#7 C:\wamp64\www\evaluation\system\CodeIgniter.php(910): App\Controllers\Dashboard->index()
#8 C:\wamp64\www\evaluation\system\CodeIgniter.php(398): CodeIgniter\CodeIgni
#0 [internal function]: CodeIgniter\Debug\Exceptions->shutdownHandler()
#1 {main}
CRITICAL - 2021-11-02 13:09:30 --> Undefined variable: data
#0 C:\wamp64\www\evaluation\app\Views\common\menu.php(50): CodeIgniter\Debug\Exceptions->errorHandler(8, 'Undefined varia...', 'C:\\wamp64\\www\\e...', 50, Array)
#1 C:\wamp64\www\evaluation\system\View\View.php(236): include('C:\\wamp64\\www\\e...')
#2 C:\wamp64\www\evaluation\system\Common.php(1071): CodeIgniter\View\View->render('common/menu', Array, true)
#3 C:\wamp64\www\evaluation\app\Views\common\layout.php(3): view('common/menu')
#4 C:\wamp64\www\evaluation\system\View\View.php(236): include('C:\\wamp64\\www\\e...')
#5 C:\wamp64\www\evaluation\system\Common.php(1071): CodeIgniter\View\View->render('common/layout', Array, true)
#6 C:\wamp64\www\evaluation\app\Controllers\Dashboard.php(15): view('common/layout', Array)
#7 C:\wamp64\www\evaluation\system\CodeIgniter.php(910): App\Controllers\Dashboard->index()
#8 C:\wamp64\www\evaluation\system\CodeIgniter.php(398): CodeIgniter\CodeIgniter->runController(Object(App\Controllers\Dashboard))
#9 C:\wamp64\www\evaluation\system\CodeIgniter.php(306): CodeIgniter\CodeIgniter->handleRequest(NULL, Object(Config\Cache), false)
#10 C:\wamp64\www\evaluation\public\index.php(45): CodeIgniter\CodeIgniter->run()
#11 {main}
CRITICAL - 2021-11-02 13:09:30 --> Undefined variable: data
#0 C:\wamp64\www\evaluation\app\Views\common\menu.php(50): CodeIgniter\Debug\Exceptions->errorHandler(8, 'Undefined varia...', 'C:\\wamp64\\www\\e...', 50, Array)
#1 C:\wamp64\www\evaluation\system\View\View.php(236): include('C:\\wamp64\\www\\e...')
#2 C:\wamp64\www\evaluation\system\Common.php(1071): CodeIgniter\View\View->render('common/menu', Array, true)
#3 C:\wamp64\www\evaluation\app\Views\common\layout.php(3): view('common/menu')
#4 C:\wamp64\www\evaluation\system\View\View.php(236): include('C:\\wamp64\\www\\e...')
#5 C:\wamp64\www\evaluation\system\Common.php(1071): CodeIgniter\View\View->render('common/layout', Array, true)
#6 C:\wamp64\www\evaluation\app\Controllers\Dashboard.php(15): view('common/layout', Array)
#7 C:\wamp64\www\evaluation\system\CodeIgniter.php(910): App\Controllers\Dashboard->index()
#8 C:\wamp64\www\evaluation\system\CodeIgniter.php(398): CodeIgniter\CodeIgniter->runController(Object(App\Controllers\Dashboard))
#9 C:\wamp64\www\evaluation\system\CodeIgniter.php(306): CodeIgniter\CodeIgniter->handleRequest(NULL, Object(Config\Cache), false)
#10 C:\wamp64\www\evaluation\public\index.php(45): CodeIgniter\CodeIgniter->run()
#11 {main}
CRITICAL - 2021-11-02 13:12:12 --> Undefined property: CodeIgniter\View\View::$request
#0 C:\wamp64\www\evaluation\app\Views\common\header.php(131): CodeIgniter\Debug\Exceptions->errorHandler(8, 'Undefined prope...', 'C:\\wamp64\\www\\e...', 131, Array)
#1 C:\wamp64\www\evaluation\system\View\View.php(236): include('C:\\wamp64\\www\\e...')
#2 C:\wamp64\www\evaluation\system\Common.php(1071): CodeIgniter\View\View->render('common/header', Array, true)
#3 C:\wamp64\www\evaluation\app\Views\common\layout.php(1): view('common/header')
#4 C:\wamp64\www\evaluation\system\View\View.php(236): include('C:\\wamp64\\www\\e...')
#5 C:\wamp64\www\evaluation\system\Common.php(1071): CodeIgniter\View\View->render('common/layout', Array, true)
#6 C:\wamp64\www\evaluation\app\Controllers\Dashboard.php(14): view('common/layout', Array)
#7 C:\wamp64\www\evaluation\system\CodeIgniter.php(910): App\Controllers\Dashboard->index()
#8 C:\wamp64\www\evaluation\system\CodeIgniter.php(398): CodeIgniter\CodeIgniter->runController(Object(App\Controllers\Dashboard))
#9 C:\wamp64\www\evaluation\system\CodeIgniter.php(306): CodeIgniter\CodeIgniter->handleRequest(NULL, Object(Config\Cache), false)
#10 C:\wamp64\www\evaluation\public\index.php(45): CodeIgniter\CodeIgniter->run()
#11 {main}
CRITICAL - 2021-11-02 13:37:23 --> Undefined property: CodeIgniter\View\View::$uri
#0 C:\wamp64\www\evaluation\app\Views\common\header.php(131): CodeIgniter\Debug\Exceptions->errorHandler(8, 'Undefined prope...', 'C:\\wamp64\\www\\e...', 131, Array)
#1 C:\wamp64\www\evaluation\system\View\View.php(236): include('C:\\wamp64\\www\\e...')
#2 C:\wamp64\www\evaluation\system\Common.php(1071): CodeIgniter\View\View->render('common/header', Array, true)
#3 C:\wamp64\www\evaluation\app\Views\common\layout.php(1): view('common/header')
#4 C:\wamp64\www\evaluation\system\View\View.php(236): include('C:\\wamp64\\www\\e...')
#5 C:\wamp64\www\evaluation\system\Common.php(1071): CodeIgniter\View\View->render('common/layout', Array, true)
#6 C:\wamp64\www\evaluation\app\Controllers\Dashboard.php(14): view('common/layout', Array)
#7 C:\wamp64\www\evaluation\system\CodeIgniter.php(910): App\Controllers\Dashboard->index()
#8 C:\wamp64\www\evaluation\system\CodeIgniter.php(398): CodeIgniter\CodeIgniter->runController(Object(App\Controllers\Dashboard))
#9 C:\wamp64\www\evaluation\system\CodeIgniter.php(306): CodeIgniter\CodeIgniter->handleRequest(NULL, Object(Config\Cache), false)
#10 C:\wamp64\www\evaluation\public\index.php(45): CodeIgniter\CodeIgniter->run()
#11 {main}
CRITICAL - 2021-11-02 13:38:29 --> Undefined property: CodeIgniter\View\View::$request
#0 C:\wamp64\www\evaluation\app\Views\common\header.php(131): CodeIgniter\Debug\Exceptions->errorHandler(8, 'Undefined prope...', 'C:\\wamp64\\www\\e...', 131, Array)
#1 C:\wamp64\www\evaluation\system\View\View.php(236): include('C:\\wamp64\\www\\e...')
#2 C:\wamp64\www\evaluation\system\Common.php(1071): CodeIgniter\View\View->render('common/header', Array, true)
#3 C:\wamp64\www\evaluation\app\Views\common\layout.php(1): view('common/header')
#4 C:\wamp64\www\evaluation\system\View\View.php(236): include('C:\\wamp64\\www\\e...')
#5 C:\wamp64\www\evaluation\system\Common.php(1071): CodeIgniter\View\View->render('common/layout', Array, true)
#6 C:\wamp64\www\evaluation\app\Controllers\Dashboard.php(14): view('common/layout', Array)
#7 C:\wamp64\www\evaluation\system\CodeIgniter.php(910): App\Controllers\Dashboard->index()
#8 C:\wamp64\www\evaluation\system\CodeIgniter.php(398): CodeIgniter\CodeIgniter->runController(Object(App\Controllers\Dashboard))
#9 C:\wamp64\www\evaluation\system\CodeIgniter.php(306): CodeIgniter\CodeIgniter->handleRequest(NULL, Object(Config\Cache), false)
#10 C:\wamp64\www\evaluation\public\index.php(45): CodeIgniter\CodeIgniter->run()
#11 {main}
CRITICAL - 2021-11-02 13:40:42 --> Undefined variable: uri
#0 C:\wamp64\www\evaluation\app\Views\common\header.php(131): CodeIgniter\Debug\Exceptions->errorHandler(8, 'Undefined varia...', 'C:\\wamp64\\www\\e...', 131, Array)
#1 C:\wamp64\www\evaluation\system\View\View.php(236): include('C:\\wamp64\\www\\e...')
#2 C:\wamp64\www\evaluation\system\Common.php(1071): CodeIgniter\View\View->render('common/header', Array, true)
#3 C:\wamp64\www\evaluation\app\Views\common\layout.php(1): view('common/header')
#4 C:\wamp64\www\evaluation\system\View\View.php(236): include('C:\\wamp64\\www\\e...')
#5 C:\wamp64\www\evaluation\system\Common.php(1071): CodeIgniter\View\View->render('common/layout', Array, true)
#6 C:\wamp64\www\evaluation\app\Controllers\Dashboard.php(14): view('common/layout', Array)
#7 C:\wamp64\www\evaluation\system\CodeIgniter.php(910): App\Controllers\Dashboard->index()
#8 C:\wamp64\www\evaluation\system\CodeIgniter.php(398): CodeIgniter\CodeIgniter->runController(Object(App\Controllers\Dashboard))
#9 C:\wamp64\www\evaluation\system\CodeIgniter.php(306): CodeIgniter\CodeIgniter->handleRequest(NULL, Object(Config\Cache), false)
#10 C:\wamp64\www\evaluation\public\index.php(45): CodeIgniter\CodeIgniter->run()
#11 {main}
CRITICAL - 2021-11-02 13:41:17 --> Undefined property: CodeIgniter\View\View::$request
#0 C:\wamp64\www\evaluation\app\Views\common\header.php(135): CodeIgniter\Debug\Exceptions->errorHandler(8, 'Undefined prope...', 'C:\\wamp64\\www\\e...', 135, Array)
#1 C:\wamp64\www\evaluation\system\View\View.php(236): include('C:\\wamp64\\www\\e...')
#2 C:\wamp64\www\evaluation\system\Common.php(1071): CodeIgniter\View\View->render('common/header', Array, true)
#3 C:\wamp64\www\evaluation\app\Views\common\layout.php(1): view('common/header')
#4 C:\wamp64\www\evaluation\system\View\View.php(236): include('C:\\wamp64\\www\\e...')
#5 C:\wamp64\www\evaluation\system\Common.php(1071): CodeIgniter\View\View->render('common/layout', Array, true)
#6 C:\wamp64\www\evaluation\app\Controllers\Dashboard.php(14): view('common/layout', Array)
#7 C:\wamp64\www\evaluation\system\CodeIgniter.php(910): App\Controllers\Dashboard->index()
#8 C:\wamp64\www\evaluation\system\CodeIgniter.php(398): CodeIgniter\CodeIgniter->runController(Object(App\Controllers\Dashboard))
#9 C:\wamp64\www\evaluation\system\CodeIgniter.php(306): CodeIgniter\CodeIgniter->handleRequest(NULL, Object(Config\Cache), false)
#10 C:\wamp64\www\evaluation\public\index.php(45): CodeIgniter\CodeIgniter->run()
#11 {main}
CRITICAL - 2021-11-02 13:42:04 --> Undefined variable: dashboard
#0 C:\wamp64\www\evaluation\app\Views\common\menu.php(50): CodeIgniter\Debug\Exceptions->errorHandler(8, 'Undefined varia...', 'C:\\wamp64\\www\\e...', 50, Array)
#1 C:\wamp64\www\evaluation\system\View\View.php(236): include('C:\\wamp64\\www\\e...')
#2 C:\wamp64\www\evaluation\system\Common.php(1071): CodeIgniter\View\View->render('common/menu', Array, true)
#3 C:\wamp64\www\evaluation\app\Views\common\layout.php(3): view('common/menu')
#4 C:\wamp64\www\evaluation\system\View\View.php(236): include('C:\\wamp64\\www\\e...')
#5 C:\wamp64\www\evaluation\system\Common.php(1071): CodeIgniter\View\View->render('common/layout', Array, true)
#6 C:\wamp64\www\evaluation\app\Controllers\Dashboard.php(14): view('common/layout', Array)
#7 C:\wamp64\www\evaluation\system\CodeIgniter.php(910): App\Controllers\Dashboard->index()
#8 C:\wamp64\www\evaluation\system\CodeIgniter.php(398): CodeIgniter\CodeIgniter->runController(Object(App\Controllers\Dashboard))
#9 C:\wamp64\www\evaluation\system\CodeIgniter.php(306): CodeIgniter\CodeIgniter->handleRequest(NULL, Object(Config\Cache), false)
#10 C:\wamp64\www\evaluation\public\index.php(45): CodeIgniter\CodeIgniter->run()
#11 {main}
CRITICAL - 2021-11-02 13:42:04 --> Undefined variable: dashboard
#0 C:\wamp64\www\evaluation\app\Views\common\menu.php(50): CodeIgniter\Debug\Exceptions->errorHandler(8, 'Undefined varia...', 'C:\\wamp64\\www\\e...', 50, Array)
#1 C:\wamp64\www\evaluation\system\View\View.php(236): include('C:\\wamp64\\www\\e...')
#2 C:\wamp64\www\evaluation\system\Common.php(1071): CodeIgniter\View\View->render('common/menu', Array, true)
#3 C:\wamp64\www\evaluation\app\Views\common\layout.php(3): view('common/menu')
#4 C:\wamp64\www\evaluation\system\View\View.php(236): include('C:\\wamp64\\www\\e...')
#5 C:\wamp64\www\evaluation\system\Common.php(1071): CodeIgniter\View\View->render('common/layout', Array, true)
#6 C:\wamp64\www\evaluation\app\Controllers\Dashboard.php(14): view('common/layout', Array)
#7 C:\wamp64\www\evaluation\system\CodeIgniter.php(910): App\Controllers\Dashboard->index()
#8 C:\wamp64\www\evaluation\system\CodeIgniter.php(398): CodeIgniter\CodeIgniter->runController(Object(App\Controllers\Dashboard))
#9 C:\wamp64\www\evaluation\system\CodeIgniter.php(306): CodeIgniter\CodeIgniter->handleRequest(NULL, Object(Config\Cache), false)
#10 C:\wamp64\www\evaluation\public\index.php(45): CodeIgniter\CodeIgniter->run()
#11 {main}
CRITICAL - 2021-11-02 13:42:29 --> Undefined variable: dashboard
#0 C:\wamp64\www\evaluation\app\Views\common\menu.php(50): CodeIgniter\Debug\Exceptions->errorHandler(8, 'Undefined varia...', 'C:\\wamp64\\www\\e...', 50, Array)
#1 C:\wamp64\www\evaluation\system\View\View.php(236): include('C:\\wamp64\\www\\e...')
#2 C:\wamp64\www\evaluation\system\Common.php(1071): CodeIgniter\View\View->render('common/menu', Array, true)
#3 C:\wamp64\www\evaluation\app\Views\common\layout.php(3): view('common/menu')
#4 C:\wamp64\www\evaluation\system\View\View.php(236): include('C:\\wamp64\\www\\e...')
#5 C:\wamp64\www\evaluation\system\Common.php(1071): CodeIgniter\View\View->render('common/layout', Array, true)
#6 C:\wamp64\www\evaluation\app\Controllers\Dashboard.php(14): view('common/layout', Array)
#7 C:\wamp64\www\evaluation\system\CodeIgniter.php(910): App\Controllers\Dashboard->index()
#8 C:\wamp64\www\evaluation\system\CodeIgniter.php(398): CodeIgniter\CodeIgniter->runController(Object(App\Controllers\Dashboard))
#9 C:\wamp64\www\evaluation\system\CodeIgniter.php(306): CodeIgniter\CodeIgniter->handleRequest(NULL, Object(Config\Cache), false)
#10 C:\wamp64\www\evaluation\public\index.php(45): CodeIgniter\CodeIgniter->run()
#11 {main}
CRITICAL - 2021-11-02 13:42:29 --> Undefined variable: dashboard
#0 C:\wamp64\www\evaluation\app\Views\common\menu.php(50): CodeIgniter\Debug\Exceptions->errorHandler(8, 'Undefined varia...', 'C:\\wamp64\\www\\e...', 50, Array)
#1 C:\wamp64\www\evaluation\system\View\View.php(236): include('C:\\wamp64\\www\\e...')
#2 C:\wamp64\www\evaluation\system\Common.php(1071): CodeIgniter\View\View->render('common/menu', Array, true)
#3 C:\wamp64\www\evaluation\app\Views\common\layout.php(3): view('common/menu')
#4 C:\wamp64\www\evaluation\system\View\View.php(236): include('C:\\wamp64\\www\\e...')
#5 C:\wamp64\www\evaluation\system\Common.php(1071): CodeIgniter\View\View->render('common/layout', Array, true)
#6 C:\wamp64\www\evaluation\app\Controllers\Dashboard.php(14): view('common/layout', Array)
#7 C:\wamp64\www\evaluation\system\CodeIgniter.php(910): App\Controllers\Dashboard->index()
#8 C:\wamp64\www\evaluation\system\CodeIgniter.php(398): CodeIgniter\CodeIgniter->runController(Object(App\Controllers\Dashboard))
#9 C:\wamp64\www\evaluation\system\CodeIgniter.php(306): CodeIgniter\CodeIgniter->handleRequest(NULL, Object(Config\Cache), false)
#10 C:\wamp64\www\evaluation\public\index.php(45): CodeIgniter\CodeIgniter->run()
#11 {main}
CRITICAL - 2021-11-02 13:42:30 --> Undefined variable: dashboard
#0 C:\wamp64\www\evaluation\app\Views\common\menu.php(50): CodeIgniter\Debug\Exceptions->errorHandler(8, 'Undefined varia...', 'C:\\wamp64\\www\\e...', 50, Array)
#1 C:\wamp64\www\evaluation\system\View\View.php(236): include('C:\\wamp64\\www\\e...')
#2 C:\wamp64\www\evaluation\system\Common.php(1071): CodeIgniter\View\View->render('common/menu', Array, true)
#3 C:\wamp64\www\evaluation\app\Views\common\layout.php(3): view('common/menu')
#4 C:\wamp64\www\evaluation\system\View\View.php(236): include('C:\\wamp64\\www\\e...')
#5 C:\wamp64\www\evaluation\system\Common.php(1071): CodeIgniter\View\View->render('common/layout', Array, true)
#6 C:\wamp64\www\evaluation\app\Controllers\Dashboard.php(14): view('common/layout', Array)
#7 C:\wamp64\www\evaluation\system\CodeIgniter.php(910): App\Controllers\Dashboard->index()
#8 C:\wamp64\www\evaluation\system\CodeIgniter.php(398): CodeIgniter\CodeIgniter->runController(Object(App\Controllers\Dashboard))
#9 C:\wamp64\www\evaluation\system\CodeIgniter.php(306): CodeIgniter\CodeIgniter->handleRequest(NULL, Object(Config\Cache), false)
#10 C:\wamp64\www\evaluation\public\index.php(45): CodeIgniter\CodeIgniter->run()
#11 {main}
CRITICAL - 2021-11-02 13:42:30 --> Undefined variable: dashboard
#0 C:\wamp64\www\evaluation\app\Views\common\menu.php(50): CodeIgniter\Debug\Exceptions->errorHandler(8, 'Undefined varia...', 'C:\\wamp64\\www\\e...', 50, Array)
#1 C:\wamp64\www\evaluation\system\View\View.php(236): include('C:\\wamp64\\www\\e...')
#2 C:\wamp64\www\evaluation\system\Common.php(1071): CodeIgniter\View\View->render('common/menu', Array, true)
#3 C:\wamp64\www\evaluation\app\Views\common\layout.php(3): view('common/menu')
#4 C:\wamp64\www\evaluation\system\View\View.php(236): include('C:\\wamp64\\www\\e...')
#5 C:\wamp64\www\evaluation\system\Common.php(1071): CodeIgniter\View\View->render('common/layout', Array, true)
#6 C:\wamp64\www\evaluation\app\Controllers\Dashboard.php(14): view('common/layout', Array)
#7 C:\wamp64\www\evaluation\system\CodeIgniter.php(910): App\Controllers\Dashboard->index()
#8 C:\wamp64\www\evaluation\system\CodeIgniter.php(398): CodeIgniter\CodeIgniter->runController(Object(App\Controllers\Dashboard))
#9 C:\wamp64\www\evaluation\system\CodeIgniter.php(306): CodeIgniter\CodeIgniter->handleRequest(NULL, Object(Config\Cache), false)
#10 C:\wamp64\www\evaluation\public\index.php(45): CodeIgniter\CodeIgniter->run()
#11 {main}
CRITICAL - 2021-11-02 13:43:35 --> Undefined variable: dashboard
#0 C:\wamp64\www\evaluation\app\Views\common\menu.php(50): CodeIgniter\Debug\Exceptions->errorHandler(8, 'Undefined varia...', 'C:\\wamp64\\www\\e...', 50, Array)
#1 C:\wamp64\www\evaluation\system\View\View.php(236): include('C:\\wamp64\\www\\e...')
#2 C:\wamp64\www\evaluation\system\Common.php(1071): CodeIgniter\View\View->render('common/menu', Array, true)
#3 C:\wamp64\www\evaluation\app\Views\common\layout.php(3): view('common/menu')
#4 C:\wamp64\www\evaluation\system\View\View.php(236): include('C:\\wamp64\\www\\e...')
#5 C:\wamp64\www\evaluation\system\Common.php(1071): CodeIgniter\View\View->render('common/layout', Array, true)
#6 C:\wamp64\www\evaluation\app\Controllers\Dashboard.php(14): view('common/layout', Array)
#7 C:\wamp64\www\evaluation\system\CodeIgniter.php(910): App\Controllers\Dashboard->index()
#8 C:\wamp64\www\evaluation\system\CodeIgniter.php(398): CodeIgniter\CodeIgniter->runController(Object(App\Controllers\Dashboard))
#9 C:\wamp64\www\evaluation\system\CodeIgniter.php(306): CodeIgniter\CodeIgniter->handleRequest(NULL, Object(Config\Cache), false)
#10 C:\wamp64\www\evaluation\public\index.php(45): CodeIgniter\CodeIgniter->run()
#11 {main}
CRITICAL - 2021-11-02 13:43:35 --> Undefined variable: dashboard
#0 C:\wamp64\www\evaluation\app\Views\common\menu.php(50): CodeIgniter\Debug\Exceptions->errorHandler(8, 'Undefined varia...', 'C:\\wamp64\\www\\e...', 50, Array)
#1 C:\wamp64\www\evaluation\system\View\View.php(236): include('C:\\wamp64\\www\\e...')
#2 C:\wamp64\www\evaluation\system\Common.php(1071): CodeIgniter\View\View->render('common/menu', Array, true)
#3 C:\wamp64\www\evaluation\app\Views\common\layout.php(3): view('common/menu')
#4 C:\wamp64\www\evaluation\system\View\View.php(236): include('C:\\wamp64\\www\\e...')
#5 C:\wamp64\www\evaluation\system\Common.php(1071): CodeIgniter\View\View->render('common/layout', Array, true)
#6 C:\wamp64\www\evaluation\app\Controllers\Dashboard.php(14): view('common/layout', Array)
#7 C:\wamp64\www\evaluation\system\CodeIgniter.php(910): App\Controllers\Dashboard->index()
#8 C:\wamp64\www\evaluation\system\CodeIgniter.php(398): CodeIgniter\CodeIgniter->runController(Object(App\Controllers\Dashboard))
#9 C:\wamp64\www\evaluation\system\CodeIgniter.php(306): CodeIgniter\CodeIgniter->handleRequest(NULL, Object(Config\Cache), false)
#10 C:\wamp64\www\evaluation\public\index.php(45): CodeIgniter\CodeIgniter->run()
#11 {main}
CRITICAL - 2021-11-02 13:45:04 --> Undefined variable: dashboard
#0 C:\wamp64\www\evaluation\app\Views\common\menu.php(50): CodeIgniter\Debug\Exceptions->errorHandler(8, 'Undefined varia...', 'C:\\wamp64\\www\\e...', 50, Array)
#1 C:\wamp64\www\evaluation\system\View\View.php(236): include('C:\\wamp64\\www\\e...')
#2 C:\wamp64\www\evaluation\system\Common.php(1071): CodeIgniter\View\View->render('common/menu', Array, true)
#3 C:\wamp64\www\evaluation\app\Views\common\layout.php(3): view('common/menu')
#4 C:\wamp64\www\evaluation\system\View\View.php(236): include('C:\\wamp64\\www\\e...')
#5 C:\wamp64\www\evaluation\system\Common.php(1071): CodeIgniter\View\View->render('common/layout', Array, true)
#6 C:\wamp64\www\evaluation\app\Controllers\Dashboard.php(14): view('common/layout', Array)
#7 C:\wamp64\www\evaluation\system\CodeIgniter.php(910): App\Controllers\Dashboard->index()
#8 C:\wamp64\www\evaluation\system\CodeIgniter.php(398): CodeIgniter\CodeIgniter->runController(Object(App\Controllers\Dashboard))
#9 C:\wamp64\www\evaluation\system\CodeIgniter.php(306): CodeIgniter\CodeIgniter->handleRequest(NULL, Object(Config\Cache), false)
#10 C:\wamp64\www\evaluation\public\index.php(45): CodeIgniter\CodeIgniter->run()
#11 {main}
CRITICAL - 2021-11-02 13:45:04 --> Undefined variable: dashboard
#0 C:\wamp64\www\evaluation\app\Views\common\menu.php(50): CodeIgniter\Debug\Exceptions->errorHandler(8, 'Undefined varia...', 'C:\\wamp64\\www\\e...', 50, Array)
#1 C:\wamp64\www\evaluation\system\View\View.php(236): include('C:\\wamp64\\www\\e...')
#2 C:\wamp64\www\evaluation\system\Common.php(1071): CodeIgniter\View\View->render('common/menu', Array, true)
#3 C:\wamp64\www\evaluation\app\Views\common\layout.php(3): view('common/menu')
#4 C:\wamp64\www\evaluation\system\View\View.php(236): include('C:\\wamp64\\www\\e...')
#5 C:\wamp64\www\evaluation\system\Common.php(1071): CodeIgniter\View\View->render('common/layout', Array, true)
#6 C:\wamp64\www\evaluation\app\Controllers\Dashboard.php(14): view('common/layout', Array)
#7 C:\wamp64\www\evaluation\system\CodeIgniter.php(910): App\Controllers\Dashboard->index()
#8 C:\wamp64\www\evaluation\system\CodeIgniter.php(398): CodeIgniter\CodeIgniter->runController(Object(App\Controllers\Dashboard))
#9 C:\wamp64\www\evaluation\system\CodeIgniter.php(306): CodeIgniter\CodeIgniter->handleRequest(NULL, Object(Config\Cache), false)
#10 C:\wamp64\www\evaluation\public\index.php(45): CodeIgniter\CodeIgniter->run()
#11 {main}
CRITICAL - 2021-11-02 13:47:07 --> Undefined variable: dashboard
#0 C:\wamp64\www\evaluation\app\Views\common\menu.php(50): CodeIgniter\Debug\Exceptions->errorHandler(8, 'Undefined varia...', 'C:\\wamp64\\www\\e...', 50, Array)
#1 C:\wamp64\www\evaluation\system\View\View.php(236): include('C:\\wamp64\\www\\e...')
#2 C:\wamp64\www\evaluation\system\Common.php(1071): CodeIgniter\View\View->render('common/menu', Array, true)
#3 C:\wamp64\www\evaluation\app\Views\common\layout.php(3): view('common/menu')
#4 C:\wamp64\www\evaluation\system\View\View.php(236): include('C:\\wamp64\\www\\e...')
#5 C:\wamp64\www\evaluation\system\Common.php(1071): CodeIgniter\View\View->render('common/layout', Array, true)
#6 C:\wamp64\www\evaluation\app\Controllers\Dashboard.php(14): view('common/layout', Array)
#7 C:\wamp64\www\evaluation\system\CodeIgniter.php(910): App\Controllers\Dashboard->index()
#8 C:\wamp64\www\evaluation\system\CodeIgniter.php(398): CodeIgniter\CodeIgniter->runController(Object(App\Controllers\Dashboard))
#9 C:\wamp64\www\evaluation\system\CodeIgniter.php(306): CodeIgniter\CodeIgniter->handleRequest(NULL, Object(Config\Cache), false)
#10 C:\wamp64\www\evaluation\public\index.php(45): CodeIgniter\CodeIgniter->run()
#11 {main}
CRITICAL - 2021-11-02 13:47:07 --> Undefined variable: dashboard
#0 C:\wamp64\www\evaluation\app\Views\common\menu.php(50): CodeIgniter\Debug\Exceptions->errorHandler(8, 'Undefined varia...', 'C:\\wamp64\\www\\e...', 50, Array)
#1 C:\wamp64\www\evaluation\system\View\View.php(236): include('C:\\wamp64\\www\\e...')
#2 C:\wamp64\www\evaluation\system\Common.php(1071): CodeIgniter\View\View->render('common/menu', Array, true)
#3 C:\wamp64\www\evaluation\app\Views\common\layout.php(3): view('common/menu')
#4 C:\wamp64\www\evaluation\system\View\View.php(236): include('C:\\wamp64\\www\\e...')
#5 C:\wamp64\www\evaluation\system\Common.php(1071): CodeIgniter\View\View->render('common/layout', Array, true)
#6 C:\wamp64\www\evaluation\app\Controllers\Dashboard.php(14): view('common/layout', Array)
#7 C:\wamp64\www\evaluation\system\CodeIgniter.php(910): App\Controllers\Dashboard->index()
#8 C:\wamp64\www\evaluation\system\CodeIgniter.php(398): CodeIgniter\CodeIgniter->runController(Object(App\Controllers\Dashboard))
#9 C:\wamp64\www\evaluation\system\CodeIgniter.php(306): CodeIgniter\CodeIgniter->handleRequest(NULL, Object(Config\Cache), false)
#10 C:\wamp64\www\evaluation\public\index.php(45): CodeIgniter\CodeIgniter->run()
#11 {main}
CRITICAL - 2021-11-02 13:48:26 --> Undefined variable: dashboard
#0 C:\wamp64\www\evaluation\app\Views\common\menu.php(50): CodeIgniter\Debug\Exceptions->errorHandler(8, 'Undefined varia...', 'C:\\wamp64\\www\\e...', 50, Array)
#1 C:\wamp64\www\evaluation\system\View\View.php(236): include('C:\\wamp64\\www\\e...')
#2 C:\wamp64\www\evaluation\system\Common.php(1071): CodeIgniter\View\View->render('common/menu', Array, true)
#3 C:\wamp64\www\evaluation\app\Views\common\layout.php(3): view('common/menu')
#4 C:\wamp64\www\evaluation\system\View\View.php(236): include('C:\\wamp64\\www\\e...')
#5 C:\wamp64\www\evaluation\system\Common.php(1071): CodeIgniter\View\View->render('common/layout', Array, true)
#6 C:\wamp64\www\evaluation\app\Controllers\Dashboard.php(14): view('common/layout', Array)
#7 C:\wamp64\www\evaluation\system\CodeIgniter.php(910): App\Controllers\Dashboard->index()
#8 C:\wamp64\www\evaluation\system\CodeIgniter.php(398): CodeIgniter\CodeIgniter->runController(Object(App\Controllers\Dashboard))
#9 C:\wamp64\www\evaluation\system\CodeIgniter.php(306): CodeIgniter\CodeIgniter->handleRequest(NULL, Object(Config\Cache), false)
#10 C:\wamp64\www\evaluation\public\index.php(45): CodeIgniter\CodeIgniter->run()
#11 {main}
CRITICAL - 2021-11-02 13:48:26 --> Undefined variable: dashboard
#0 C:\wamp64\www\evaluation\app\Views\common\menu.php(50): CodeIgniter\Debug\Exceptions->errorHandler(8, 'Undefined varia...', 'C:\\wamp64\\www\\e...', 50, Array)
#1 C:\wamp64\www\evaluation\system\View\View.php(236): include('C:\\wamp64\\www\\e...')
#2 C:\wamp64\www\evaluation\system\Common.php(1071): CodeIgniter\View\View->render('common/menu', Array, true)
#3 C:\wamp64\www\evaluation\app\Views\common\layout.php(3): view('common/menu')
#4 C:\wamp64\www\evaluation\system\View\View.php(236): include('C:\\wamp64\\www\\e...')
#5 C:\wamp64\www\evaluation\system\Common.php(1071): CodeIgniter\View\View->render('common/layout', Array, true)
#6 C:\wamp64\www\evaluation\app\Controllers\Dashboard.php(14): view('common/layout', Array)
#7 C:\wamp64\www\evaluation\system\CodeIgniter.php(910): App\Controllers\Dashboard->index()
#8 C:\wamp64\www\evaluation\system\CodeIgniter.php(398): CodeIgniter\CodeIgniter->runController(Object(App\Controllers\Dashboard))
#9 C:\wamp64\www\evaluation\system\CodeIgniter.php(306): CodeIgniter\CodeIgniter->handleRequest(NULL, Object(Config\Cache), false)
#10 C:\wamp64\www\evaluation\public\index.php(45): CodeIgniter\CodeIgniter->run()
#11 {main}
CRITICAL - 2021-11-02 13:48:59 --> Undefined variable: dashboard
#0 C:\wamp64\www\evaluation\app\Views\common\menu.php(47): CodeIgniter\Debug\Exceptions->errorHandler(8, 'Undefined varia...', 'C:\\wamp64\\www\\e...', 47, Array)
#1 C:\wamp64\www\evaluation\system\View\View.php(236): include('C:\\wamp64\\www\\e...')
#2 C:\wamp64\www\evaluation\system\Common.php(1071): CodeIgniter\View\View->render('common/menu', Array, true)
#3 C:\wamp64\www\evaluation\app\Views\common\layout.php(3): view('common/menu')
#4 C:\wamp64\www\evaluation\system\View\View.php(236): include('C:\\wamp64\\www\\e...')
#5 C:\wamp64\www\evaluation\system\Common.php(1071): CodeIgniter\View\View->render('common/layout', Array, true)
#6 C:\wamp64\www\evaluation\app\Controllers\Dashboard.php(14): view('common/layout', Array)
#7 C:\wamp64\www\evaluation\system\CodeIgniter.php(910): App\Controllers\Dashboard->index()
#8 C:\wamp64\www\evaluation\system\CodeIgniter.php(398): CodeIgniter\CodeIgniter->runController(Object(App\Controllers\Dashboard))
#9 C:\wamp64\www\evaluation\system\CodeIgniter.php(306): CodeIgniter\CodeIgniter->handleRequest(NULL, Object(Config\Cache), false)
#10 C:\wamp64\www\evaluation\public\index.php(45): CodeIgniter\CodeIgniter->run()
#11 {main}
CRITICAL - 2021-11-02 13:48:59 --> Undefined variable: dashboard
#0 C:\wamp64\www\evaluation\app\Views\common\menu.php(47): CodeIgniter\Debug\Exceptions->errorHandler(8, 'Undefined varia...', 'C:\\wamp64\\www\\e...', 47, Array)
#1 C:\wamp64\www\evaluation\system\View\View.php(236): include('C:\\wamp64\\www\\e...')
#2 C:\wamp64\www\evaluation\system\Common.php(1071): CodeIgniter\View\View->render('common/menu', Array, true)
#3 C:\wamp64\www\evaluation\app\Views\common\layout.php(3): view('common/menu')
#4 C:\wamp64\www\evaluation\system\View\View.php(236): include('C:\\wamp64\\www\\e...')
#5 C:\wamp64\www\evaluation\system\Common.php(1071): CodeIgniter\View\View->render('common/layout', Array, true)
#6 C:\wamp64\www\evaluation\app\Controllers\Dashboard.php(14): view('common/layout', Array)
#7 C:\wamp64\www\evaluation\system\CodeIgniter.php(910): App\Controllers\Dashboard->index()
#8 C:\wamp64\www\evaluation\system\CodeIgniter.php(398): CodeIgniter\CodeIgniter->runController(Object(App\Controllers\Dashboard))
#9 C:\wamp64\www\evaluation\system\CodeIgniter.php(306): CodeIgniter\CodeIgniter->handleRequest(NULL, Object(Config\Cache), false)
#10 C:\wamp64\www\evaluation\public\index.php(45): CodeIgniter\CodeIgniter->run()
#11 {main}
CRITICAL - 2021-11-02 15:08:25 --> Trying to get property 'firstname' of non-object
#0 C:\wamp64\www\evaluation\app\Views\users\list.php(53): CodeIgniter\Debug\Exceptions->errorHandler(8, 'Trying to get p...', 'C:\\wamp64\\www\\e...', 53, Array)
#1 C:\wamp64\www\evaluation\system\View\View.php(236): include('C:\\wamp64\\www\\e...')
#2 C:\wamp64\www\evaluation\system\Common.php(1071): CodeIgniter\View\View->render('users/list', Array, true)
#3 C:\wamp64\www\evaluation\app\Views\common\layout.php(5): view('users/list')
#4 C:\wamp64\www\evaluation\system\View\View.php(236): include('C:\\wamp64\\www\\e...')
#5 C:\wamp64\www\evaluation\system\Common.php(1071): CodeIgniter\View\View->render('common/layout', Array, true)
#6 C:\wamp64\www\evaluation\app\Controllers\Users.php(17): view('common/layout', Array)
#7 C:\wamp64\www\evaluation\system\CodeIgniter.php(910): App\Controllers\Users->index()
#8 C:\wamp64\www\evaluation\system\CodeIgniter.php(398): CodeIgniter\CodeIgniter->runController(Object(App\Controllers\Users))
#9 C:\wamp64\www\evaluation\system\CodeIgniter.php(306): CodeIgniter\CodeIgniter->handleRequest(NULL, Object(Config\Cache), false)
#10 C:\wamp64\www\evaluation\public\index.php(45): CodeIgniter\CodeIgniter->run()
#11 {main}
CRITICAL - 2021-11-02 15:08:25 --> Trying to get property 'firstname' of non-object
#0 C:\wamp64\www\evaluation\app\Views\users\list.php(53): CodeIgniter\Debug\Exceptions->errorHandler(8, 'Trying to get p...', 'C:\\wamp64\\www\\e...', 53, Array)
#1 C:\wamp64\www\evaluation\system\View\View.php(236): include('C:\\wamp64\\www\\e...')
#2 C:\wamp64\www\evaluation\system\Common.php(1071): CodeIgniter\View\View->render('users/list', Array, true)
#3 C:\wamp64\www\evaluation\app\Views\common\layout.php(5): view('users/list')
#4 C:\wamp64\www\evaluation\system\View\View.php(236): include('C:\\wamp64\\www\\e...')
#5 C:\wamp64\www\evaluation\system\Common.php(1071): CodeIgniter\View\View->render('common/layout', Array, true)
#6 C:\wamp64\www\evaluation\app\Controllers\Users.php(17): view('common/layout', Array)
#7 C:\wamp64\www\evaluation\system\CodeIgniter.php(910): App\Controllers\Users->index()
#8 C:\wamp64\www\evaluation\system\CodeIgniter.php(398): CodeIgniter\CodeIgniter->runController(Object(App\Controllers\Users))
#9 C:\wamp64\www\evaluation\system\CodeIgniter.php(306): CodeIgniter\CodeIgniter->handleRequest(NULL, Object(Config\Cache), false)
#10 C:\wamp64\www\evaluation\public\index.php(45): CodeIgniter\CodeIgniter->run()
#11 {main}
CRITICAL - 2021-11-02 15:15:29 --> Trying to access array offset on value of type null
#0 C:\wamp64\www\evaluation\app\Views\users\edit.php(38): CodeIgniter\Debug\Exceptions->errorHandler(8, 'Trying to acces...', 'C:\\wamp64\\www\\e...', 38, Array)
#1 C:\wamp64\www\evaluation\system\View\View.php(236): include('C:\\wamp64\\www\\e...')
#2 C:\wamp64\www\evaluation\system\Common.php(1071): CodeIgniter\View\View->render('users/edit', Array, true)
#3 C:\wamp64\www\evaluation\app\Views\common\layout.php(5): view('users/edit')
#4 C:\wamp64\www\evaluation\system\View\View.php(236): include('C:\\wamp64\\www\\e...')
#5 C:\wamp64\www\evaluation\system\Common.php(1071): CodeIgniter\View\View->render('common/layout', Array, true)
#6 C:\wamp64\www\evaluation\app\Controllers\Users.php(27): view('common/layout', Array)
#7 C:\wamp64\www\evaluation\system\CodeIgniter.php(910): App\Controllers\Users->editUser('2')
#8 C:\wamp64\www\evaluation\system\CodeIgniter.php(398): CodeIgniter\CodeIgniter->runController(Object(App\Controllers\Users))
#9 C:\wamp64\www\evaluation\system\CodeIgniter.php(306): CodeIgniter\CodeIgniter->handleRequest(NULL, Object(Config\Cache), false)
#10 C:\wamp64\www\evaluation\public\index.php(45): CodeIgniter\CodeIgniter->run()
#11 {main}
CRITICAL - 2021-11-02 15:15:29 --> Trying to access array offset on value of type null
#0 C:\wamp64\www\evaluation\app\Views\users\edit.php(38): CodeIgniter\Debug\Exceptions->errorHandler(8, 'Trying to acces...', 'C:\\wamp64\\www\\e...', 38, Array)
#1 C:\wamp64\www\evaluation\system\View\View.php(236): include('C:\\wamp64\\www\\e...')
#2 C:\wamp64\www\evaluation\system\Common.php(1071): CodeIgniter\View\View->render('users/edit', Array, true)
#3 C:\wamp64\www\evaluation\app\Views\common\layout.php(5): view('users/edit')
#4 C:\wamp64\www\evaluation\system\View\View.php(236): include('C:\\wamp64\\www\\e...')
#5 C:\wamp64\www\evaluation\system\Common.php(1071): CodeIgniter\View\View->render('common/layout', Array, true)
#6 C:\wamp64\www\evaluation\app\Controllers\Users.php(27): view('common/layout', Array)
#7 C:\wamp64\www\evaluation\system\CodeIgniter.php(910): App\Controllers\Users->editUser('2')
#8 C:\wamp64\www\evaluation\system\CodeIgniter.php(398): CodeIgniter\CodeIgniter->runController(Object(App\Controllers\Users))
#9 C:\wamp64\www\evaluation\system\CodeIgniter.php(306): CodeIgniter\CodeIgniter->handleRequest(NULL, Object(Config\Cache), false)
#10 C:\wamp64\www\evaluation\public\index.php(45): CodeIgniter\CodeIgniter->run()
#11 {main}
CRITICAL - 2021-11-02 18:10:09 --> Undefined property: App\Controllers\Users::$input
#0 C:\wamp64\www\evaluation\app\Controllers\Users.php(58): CodeIgniter\Debug\Exceptions->errorHandler(8, 'Undefined prope...', 'C:\\wamp64\\www\\e...', 58, Array)
#1 C:\wamp64\www\evaluation\system\CodeIgniter.php(910): App\Controllers\Users->editUserToDB('1')
#2 C:\wamp64\www\evaluation\system\CodeIgniter.php(398): CodeIgniter\CodeIgniter->runController(Object(App\Controllers\Users))
#3 C:\wamp64\www\evaluation\system\CodeIgniter.php(306): CodeIgniter\CodeIgniter->handleRequest(NULL, Object(Config\Cache), false)
#4 C:\wamp64\www\evaluation\public\index.php(45): CodeIgniter\CodeIgniter->run()
#5 {main}
CRITICAL - 2021-11-02 18:18:31 --> Class 'App\Controllers\UserModel' not found
#0 C:\wamp64\www\evaluation\system\CodeIgniter.php(910): App\Controllers\Users->deleteUser('1')
#1 C:\wamp64\www\evaluation\system\CodeIgniter.php(398): CodeIgniter\CodeIgniter->runController(Object(App\Controllers\Users))
#2 C:\wamp64\www\evaluation\system\CodeIgniter.php(306): CodeIgniter\CodeIgniter->handleRequest(NULL, Object(Config\Cache), false)
#3 C:\wamp64\www\evaluation\public\index.php(45): CodeIgniter\CodeIgniter->run()
#4 {main}
CRITICAL - 2021-11-02 18:19:45 --> Unknown column 'id' in 'where clause'
#0 C:\wamp64\www\evaluation\system\Database\MySQLi\Connection.php(330): mysqli->query('DELETE FROM `us...')
#1 C:\wamp64\www\evaluation\system\Database\BaseConnection.php(738): CodeIgniter\Database\MySQLi\Connection->execute('DELETE FROM `us...')
#2 C:\wamp64\www\evaluation\system\Database\BaseConnection.php(666): CodeIgniter\Database\BaseConnection->simpleQuery('DELETE FROM `us...')
#3 C:\wamp64\www\evaluation\system\Database\BaseBuilder.php(2798): CodeIgniter\Database\BaseConnection->query('DELETE FROM `us...', Array, false)
#4 C:\wamp64\www\evaluation\system\Model.php(937): CodeIgniter\Database\BaseBuilder->delete()
#5 C:\wamp64\www\evaluation\app\Controllers\Users.php(80): CodeIgniter\Model->delete(Array)
#6 C:\wamp64\www\evaluation\system\CodeIgniter.php(910): App\Controllers\Users->deleteUser('1')
#7 C:\wamp64\www\evaluation\system\CodeIgniter.php(398): CodeIgniter\CodeIgniter->runController(Object(App\Controllers\Users))
#8 C:\wamp64\www\evaluation\system\CodeIgniter.php(306): CodeIgniter\CodeIgniter->handleRequest(NULL, Object(Config\Cache), false)
#9 C:\wamp64\www\evaluation\public\index.php(45): CodeIgniter\CodeIgniter->run()
#10 {main}
CRITICAL - 2021-11-02 19:44:36 --> syntax error, unexpected 'checkAuth' (T_STRING), expecting '('
#0 C:\wamp64\www\evaluation\system\Events\Events.php(179): CodeIgniter\Events\Events::initialize()
#1 C:\wamp64\www\evaluation\system\CodeIgniter.php(287): CodeIgniter\Events\Events::trigger('pre_system')
#2 C:\wamp64\www\evaluation\public\index.php(45): CodeIgniter\CodeIgniter->run()
#3 {main}
CRITICAL - 2021-11-02 19:45:50 --> syntax error, unexpected 'checkAuth' (T_STRING), expecting '('
#0 C:\wamp64\www\evaluation\system\Events\Events.php(179): CodeIgniter\Events\Events::initialize()
#1 C:\wamp64\www\evaluation\system\CodeIgniter.php(287): CodeIgniter\Events\Events::trigger('pre_system')
#2 C:\wamp64\www\evaluation\public\index.php(45): CodeIgniter\CodeIgniter->run()
#3 {main}
CRITICAL - 2021-11-02 19:45:51 --> syntax error, unexpected 'checkAuth' (T_STRING), expecting '('
#0 C:\wamp64\www\evaluation\system\Events\Events.php(179): CodeIgniter\Events\Events::initialize()
#1 C:\wamp64\www\evaluation\system\CodeIgniter.php(287): CodeIgniter\Events\Events::trigger('pre_system')
#2 C:\wamp64\www\evaluation\public\index.php(45): CodeIgniter\CodeIgniter->run()
#3 {main}
CRITICAL - 2021-11-02 19:47:11 --> Call to undefined function Config\get_instance()
#0 [internal function]: CodeIgniter\Events\Events::Config\{closure}()
#1 C:\wamp64\www\evaluation\system\Events\Events.php(188): call_user_func(Object(Closure))
#2 C:\wamp64\www\evaluation\system\CodeIgniter.php(287): CodeIgniter\Events\Events::trigger('pre_system')
#3 C:\wamp64\www\evaluation\public\index.php(45): CodeIgniter\CodeIgniter->run()
#4 {main}
CRITICAL - 2021-11-02 19:53:14 --> Using $this when not in object context
#0 [internal function]: CodeIgniter\Events\Events::Config\{closure}()
#1 C:\wamp64\www\evaluation\system\Events\Events.php(188): call_user_func(Object(Closure))
#2 C:\wamp64\www\evaluation\system\CodeIgniter.php(287): CodeIgniter\Events\Events::trigger('pre_system')
#3 C:\wamp64\www\evaluation\public\index.php(45): CodeIgniter\CodeIgniter->run()
#4 {main}
CRITICAL - 2021-11-02 19:54:07 --> Call to undefined method CodeIgniter\HTTP\URI::segment()
#0 [internal function]: CodeIgniter\Events\Events::Config\{closure}()
#1 C:\wamp64\www\evaluation\system\Events\Events.php(188): call_user_func(Object(Closure))
#2 C:\wamp64\www\evaluation\system\CodeIgniter.php(287): CodeIgniter\Events\Events::trigger('pre_system')
#3 C:\wamp64\www\evaluation\public\index.php(45): CodeIgniter\CodeIgniter->run()
#4 {main}
CRITICAL - 2021-11-02 19:55:51 --> Undefined variable: controllerAction
#0 C:\wamp64\www\evaluation\app\Config\Events.php(54): CodeIgniter\Debug\Exceptions->errorHandler(8, 'Undefined varia...', 'C:\\wamp64\\www\\e...', 54, Array)
#1 [internal function]: CodeIgniter\Events\Events::Config\{closure}()
#2 C:\wamp64\www\evaluation\system\Events\Events.php(188): call_user_func(Object(Closure))
#3 C:\wamp64\www\evaluation\system\CodeIgniter.php(287): CodeIgniter\Events\Events::trigger('pre_system')
#4 C:\wamp64\www\evaluation\public\index.php(45): CodeIgniter\CodeIgniter->run()
#5 {main}
CRITICAL - 2021-11-02 19:56:11 --> Call to undefined method CodeIgniter\HTTP\URI::segment()
#0 [internal function]: CodeIgniter\Events\Events::Config\{closure}()
#1 C:\wamp64\www\evaluation\system\Events\Events.php(188): call_user_func(Object(Closure))
#2 C:\wamp64\www\evaluation\system\CodeIgniter.php(287): CodeIgniter\Events\Events::trigger('pre_system')
#3 C:\wamp64\www\evaluation\public\index.php(45): CodeIgniter\CodeIgniter->run()
#4 {main}
CRITICAL - 2021-11-02 19:56:29 --> Using $this when not in object context
#0 [internal function]: CodeIgniter\Events\Events::Config\{closure}()
#1 C:\wamp64\www\evaluation\system\Events\Events.php(188): call_user_func(Object(Closure))
#2 C:\wamp64\www\evaluation\system\CodeIgniter.php(287): CodeIgniter\Events\Events::trigger('pre_system')
#3 C:\wamp64\www\evaluation\public\index.php(45): CodeIgniter\CodeIgniter->run()
#4 {main}
CRITICAL - 2021-11-02 19:57:24 --> ini_set(): Headers already sent. You cannot change the session module's ini settings at this time
#0 [internal function]: CodeIgniter\Debug\Exceptions->errorHandler(2, 'ini_set(): Head...', 'C:\\wamp64\\www\\e...', 101, Array)
#1 C:\wamp64\www\evaluation\system\Session\Handlers\FileHandler.php(101): ini_set('session.save_pa...', 'C:\\wamp64\\www\\e...')
#2 C:\wamp64\www\evaluation\system\Config\Services.php(765): CodeIgniter\Session\Handlers\FileHandler->__construct(Object(Config\App), '::1')
#3 C:\wamp64\www\evaluation\system\Config\BaseService.php(123): CodeIgniter\Config\Services::session(Object(Config\App), false)
#4 C:\wamp64\www\evaluation\system\Config\Services.php(754): CodeIgniter\Config\BaseService::getSharedInstance('session', NULL)
#5 C:\wamp64\www\evaluation\app\Controllers\BaseController.php(43): CodeIgniter\Config\Services::session()
#6 C:\wamp64\www\evaluation\system\CodeIgniter.php(883): App\Controllers\BaseController->initController(Object(CodeIgniter\HTTP\IncomingRequest), Object(CodeIgniter\HTTP\Response), Object(CodeIgniter\Log\Logger))
#7 C:\wamp64\www\evaluation\system\CodeIgniter.php(393): CodeIgniter\CodeIgniter->createController()
#8 C:\wamp64\www\evaluation\system\CodeIgniter.php(306): CodeIgniter\CodeIgniter->handleRequest(NULL, Object(Config\Cache), false)
#9 C:\wamp64\www\evaluation\public\index.php(45): CodeIgniter\CodeIgniter->run()
#10 {main}
CRITICAL - 2021-11-02 19:57:24 --> Uncaught ErrorException: Cannot modify header information - headers already sent by (output started at C:\wamp64\www\evaluation\app\Config\Events.php:27) in C:\wamp64\www\evaluation\system\Debug\Exceptions.php:161
Stack trace:
#0 [internal function]: CodeIgniter\Debug\Exceptions->errorHandler(2, 'Cannot modify h...', 'C:\\wamp64\\www\\e...', 161, Array)
#1 C:\wamp64\www\evaluation\system\Debug\Exceptions.php(161): header('HTTP/1.1 500 In...', true, 500)
#2 [internal function]: CodeIgniter\Debug\Exceptions->exceptionHandler(Object(ErrorException))
#3 {main}
  thrown
#0 [internal function]: CodeIgniter\Debug\Exceptions->shutdownHandler()
#1 {main}
CRITICAL - 2021-11-02 19:57:34 --> ini_set(): Headers already sent. You cannot change the session module's ini settings at this time
#0 [internal function]: CodeIgniter\Debug\Exceptions->errorHandler(2, 'ini_set(): Head...', 'C:\\wamp64\\www\\e...', 101, Array)
#1 C:\wamp64\www\evaluation\system\Session\Handlers\FileHandler.php(101): ini_set('session.save_pa...', 'C:\\wamp64\\www\\e...')
#2 C:\wamp64\www\evaluation\system\Config\Services.php(765): CodeIgniter\Session\Handlers\FileHandler->__construct(Object(Config\App), '::1')
#3 C:\wamp64\www\evaluation\system\Config\BaseService.php(123): CodeIgniter\Config\Services::session(Object(Config\App), false)
#4 C:\wamp64\www\evaluation\system\Config\Services.php(754): CodeIgniter\Config\BaseService::getSharedInstance('session', NULL)
#5 C:\wamp64\www\evaluation\app\Controllers\BaseController.php(43): CodeIgniter\Config\Services::session()
#6 C:\wamp64\www\evaluation\system\CodeIgniter.php(883): App\Controllers\BaseController->initController(Object(CodeIgniter\HTTP\IncomingRequest), Object(CodeIgniter\HTTP\Response), Object(CodeIgniter\Log\Logger))
#7 C:\wamp64\www\evaluation\system\CodeIgniter.php(393): CodeIgniter\CodeIgniter->createController()
#8 C:\wamp64\www\evaluation\system\CodeIgniter.php(306): CodeIgniter\CodeIgniter->handleRequest(NULL, Object(Config\Cache), false)
#9 C:\wamp64\www\evaluation\public\index.php(45): CodeIgniter\CodeIgniter->run()
#10 {main}
CRITICAL - 2021-11-02 19:57:34 --> Uncaught ErrorException: Cannot modify header information - headers already sent by (output started at C:\wamp64\www\evaluation\app\Config\Events.php:27) in C:\wamp64\www\evaluation\system\Debug\Exceptions.php:161
Stack trace:
#0 [internal function]: CodeIgniter\Debug\Exceptions->errorHandler(2, 'Cannot modify h...', 'C:\\wamp64\\www\\e...', 161, Array)
#1 C:\wamp64\www\evaluation\system\Debug\Exceptions.php(161): header('HTTP/1.1 500 In...', true, 500)
#2 [internal function]: CodeIgniter\Debug\Exceptions->exceptionHandler(Object(ErrorException))
#3 {main}
  thrown
#0 [internal function]: CodeIgniter\Debug\Exceptions->shutdownHandler()
#1 {main}
CRITICAL - 2021-11-02 19:57:40 --> ini_set(): Headers already sent. You cannot change the session module's ini settings at this time
#0 [internal function]: CodeIgniter\Debug\Exceptions->errorHandler(2, 'ini_set(): Head...', 'C:\\wamp64\\www\\e...', 101, Array)
#1 C:\wamp64\www\evaluation\system\Session\Handlers\FileHandler.php(101): ini_set('session.save_pa...', 'C:\\wamp64\\www\\e...')
#2 C:\wamp64\www\evaluation\system\Config\Services.php(765): CodeIgniter\Session\Handlers\FileHandler->__construct(Object(Config\App), '::1')
#3 C:\wamp64\www\evaluation\system\Config\BaseService.php(123): CodeIgniter\Config\Services::session(Object(Config\App), false)
#4 C:\wamp64\www\evaluation\system\Config\Services.php(754): CodeIgniter\Config\BaseService::getSharedInstance('session', NULL)
#5 C:\wamp64\www\evaluation\app\Controllers\BaseController.php(43): CodeIgniter\Config\Services::session()
#6 C:\wamp64\www\evaluation\system\CodeIgniter.php(883): App\Controllers\BaseController->initController(Object(CodeIgniter\HTTP\IncomingRequest), Object(CodeIgniter\HTTP\Response), Object(CodeIgniter\Log\Logger))
#7 C:\wamp64\www\evaluation\system\CodeIgniter.php(393): CodeIgniter\CodeIgniter->createController()
#8 C:\wamp64\www\evaluation\system\CodeIgniter.php(306): CodeIgniter\CodeIgniter->handleRequest(NULL, Object(Config\Cache), false)
#9 C:\wamp64\www\evaluation\public\index.php(45): CodeIgniter\CodeIgniter->run()
#10 {main}
CRITICAL - 2021-11-02 19:57:40 --> Uncaught ErrorException: Cannot modify header information - headers already sent by (output started at C:\wamp64\www\evaluation\app\Config\Events.php:27) in C:\wamp64\www\evaluation\system\Debug\Exceptions.php:161
Stack trace:
#0 [internal function]: CodeIgniter\Debug\Exceptions->errorHandler(2, 'Cannot modify h...', 'C:\\wamp64\\www\\e...', 161, Array)
#1 C:\wamp64\www\evaluation\system\Debug\Exceptions.php(161): header('HTTP/1.1 500 In...', true, 500)
#2 [internal function]: CodeIgniter\Debug\Exceptions->exceptionHandler(Object(ErrorException))
#3 {main}
  thrown
#0 [internal function]: CodeIgniter\Debug\Exceptions->shutdownHandler()
#1 {main}
CRITICAL - 2021-11-02 19:57:46 --> ini_set(): Headers already sent. You cannot change the session module's ini settings at this time
#0 [internal function]: CodeIgniter\Debug\Exceptions->errorHandler(2, 'ini_set(): Head...', 'C:\\wamp64\\www\\e...', 101, Array)
#1 C:\wamp64\www\evaluation\system\Session\Handlers\FileHandler.php(101): ini_set('session.save_pa...', 'C:\\wamp64\\www\\e...')
#2 C:\wamp64\www\evaluation\system\Config\Services.php(765): CodeIgniter\Session\Handlers\FileHandler->__construct(Object(Config\App), '::1')
#3 C:\wamp64\www\evaluation\system\Config\BaseService.php(123): CodeIgniter\Config\Services::session(Object(Config\App), false)
#4 C:\wamp64\www\evaluation\system\Config\Services.php(754): CodeIgniter\Config\BaseService::getSharedInstance('session', NULL)
#5 C:\wamp64\www\evaluation\app\Controllers\BaseController.php(43): CodeIgniter\Config\Services::session()
#6 C:\wamp64\www\evaluation\system\CodeIgniter.php(883): App\Controllers\BaseController->initController(Object(CodeIgniter\HTTP\IncomingRequest), Object(CodeIgniter\HTTP\Response), Object(CodeIgniter\Log\Logger))
#7 C:\wamp64\www\evaluation\system\CodeIgniter.php(393): CodeIgniter\CodeIgniter->createController()
#8 C:\wamp64\www\evaluation\system\CodeIgniter.php(306): CodeIgniter\CodeIgniter->handleRequest(NULL, Object(Config\Cache), false)
#9 C:\wamp64\www\evaluation\public\index.php(45): CodeIgniter\CodeIgniter->run()
#10 {main}
CRITICAL - 2021-11-02 19:57:46 --> Uncaught ErrorException: Cannot modify header information - headers already sent by (output started at C:\wamp64\www\evaluation\app\Config\Events.php:27) in C:\wamp64\www\evaluation\system\Debug\Exceptions.php:161
Stack trace:
#0 [internal function]: CodeIgniter\Debug\Exceptions->errorHandler(2, 'Cannot modify h...', 'C:\\wamp64\\www\\e...', 161, Array)
#1 C:\wamp64\www\evaluation\system\Debug\Exceptions.php(161): header('HTTP/1.1 500 In...', true, 500)
#2 [internal function]: CodeIgniter\Debug\Exceptions->exceptionHandler(Object(ErrorException))
#3 {main}
  thrown
#0 [internal function]: CodeIgniter\Debug\Exceptions->shutdownHandler()
#1 {main}
CRITICAL - 2021-11-02 20:11:36 --> call_user_func() expects parameter 1 to be a valid callback, class 'Authentic' not found
#0 [internal function]: CodeIgniter\Debug\Exceptions->errorHandler(2, 'call_user_func(...', 'C:\\wamp64\\www\\e...', 188, Array)
#1 C:\wamp64\www\evaluation\system\Events\Events.php(188): call_user_func(Array)
#2 C:\wamp64\www\evaluation\system\CodeIgniter.php(287): CodeIgniter\Events\Events::trigger('pre_system')
#3 C:\wamp64\www\evaluation\public\index.php(45): CodeIgniter\CodeIgniter->run()
#4 {main}
CRITICAL - 2021-11-02 20:12:15 --> call_user_func() expects parameter 1 to be a valid callback, class 'authentic' not found
#0 [internal function]: CodeIgniter\Debug\Exceptions->errorHandler(2, 'call_user_func(...', 'C:\\wamp64\\www\\e...', 188, Array)
#1 C:\wamp64\www\evaluation\system\Events\Events.php(188): call_user_func(Array)
#2 C:\wamp64\www\evaluation\system\CodeIgniter.php(287): CodeIgniter\Events\Events::trigger('pre_system')
#3 C:\wamp64\www\evaluation\public\index.php(45): CodeIgniter\CodeIgniter->run()
#4 {main}
CRITICAL - 2021-11-02 20:12:16 --> call_user_func() expects parameter 1 to be a valid callback, class 'authentic' not found
#0 [internal function]: CodeIgniter\Debug\Exceptions->errorHandler(2, 'call_user_func(...', 'C:\\wamp64\\www\\e...', 188, Array)
#1 C:\wamp64\www\evaluation\system\Events\Events.php(188): call_user_func(Array)
#2 C:\wamp64\www\evaluation\system\CodeIgniter.php(287): CodeIgniter\Events\Events::trigger('pre_system')
#3 C:\wamp64\www\evaluation\public\index.php(45): CodeIgniter\CodeIgniter->run()
#4 {main}
CRITICAL - 2021-11-02 20:13:18 --> call_user_func() expects parameter 1 to be a valid callback, class 'authentic' not found
#0 [internal function]: CodeIgniter\Debug\Exceptions->errorHandler(2, 'call_user_func(...', 'C:\\wamp64\\www\\e...', 188, Array)
#1 C:\wamp64\www\evaluation\system\Events\Events.php(188): call_user_func(Array)
#2 C:\wamp64\www\evaluation\system\CodeIgniter.php(287): CodeIgniter\Events\Events::trigger('pre_system')
#3 C:\wamp64\www\evaluation\public\index.php(45): CodeIgniter\CodeIgniter->run()
#4 {main}
CRITICAL - 2021-11-02 20:13:19 --> call_user_func() expects parameter 1 to be a valid callback, class 'authentic' not found
#0 [internal function]: CodeIgniter\Debug\Exceptions->errorHandler(2, 'call_user_func(...', 'C:\\wamp64\\www\\e...', 188, Array)
#1 C:\wamp64\www\evaluation\system\Events\Events.php(188): call_user_func(Array)
#2 C:\wamp64\www\evaluation\system\CodeIgniter.php(287): CodeIgniter\Events\Events::trigger('pre_system')
#3 C:\wamp64\www\evaluation\public\index.php(45): CodeIgniter\CodeIgniter->run()
#4 {main}
CRITICAL - 2021-11-02 20:13:19 --> call_user_func() expects parameter 1 to be a valid callback, class 'authentic' not found
#0 [internal function]: CodeIgniter\Debug\Exceptions->errorHandler(2, 'call_user_func(...', 'C:\\wamp64\\www\\e...', 188, Array)
#1 C:\wamp64\www\evaluation\system\Events\Events.php(188): call_user_func(Array)
#2 C:\wamp64\www\evaluation\system\CodeIgniter.php(287): CodeIgniter\Events\Events::trigger('pre_system')
#3 C:\wamp64\www\evaluation\public\index.php(45): CodeIgniter\CodeIgniter->run()
#4 {main}
CRITICAL - 2021-11-02 20:13:46 --> call_user_func() expects parameter 1 to be a valid callback, class 'authentic' not found
#0 [internal function]: CodeIgniter\Debug\Exceptions->errorHandler(2, 'call_user_func(...', 'C:\\wamp64\\www\\e...', 188, Array)
#1 C:\wamp64\www\evaluation\system\Events\Events.php(188): call_user_func(Array)
#2 C:\wamp64\www\evaluation\system\CodeIgniter.php(287): CodeIgniter\Events\Events::trigger('pre_system')
#3 C:\wamp64\www\evaluation\public\index.php(45): CodeIgniter\CodeIgniter->run()
#4 {main}
CRITICAL - 2021-11-02 20:13:46 --> call_user_func() expects parameter 1 to be a valid callback, class 'authentic' not found
#0 [internal function]: CodeIgniter\Debug\Exceptions->errorHandler(2, 'call_user_func(...', 'C:\\wamp64\\www\\e...', 188, Array)
#1 C:\wamp64\www\evaluation\system\Events\Events.php(188): call_user_func(Array)
#2 C:\wamp64\www\evaluation\system\CodeIgniter.php(287): CodeIgniter\Events\Events::trigger('pre_system')
#3 C:\wamp64\www\evaluation\public\index.php(45): CodeIgniter\CodeIgniter->run()
#4 {main}
CRITICAL - 2021-11-02 20:15:15 --> call_user_func() expects parameter 1 to be a valid callback, class 'authentic' not found
#0 [internal function]: CodeIgniter\Debug\Exceptions->errorHandler(2, 'call_user_func(...', 'C:\\wamp64\\www\\e...', 188, Array)
#1 C:\wamp64\www\evaluation\system\Events\Events.php(188): call_user_func(Array)
#2 C:\wamp64\www\evaluation\system\CodeIgniter.php(287): CodeIgniter\Events\Events::trigger('pre_system')
#3 C:\wamp64\www\evaluation\public\index.php(45): CodeIgniter\CodeIgniter->run()
#4 {main}
CRITICAL - 2021-11-02 20:15:16 --> call_user_func() expects parameter 1 to be a valid callback, class 'authentic' not found
#0 [internal function]: CodeIgniter\Debug\Exceptions->errorHandler(2, 'call_user_func(...', 'C:\\wamp64\\www\\e...', 188, Array)
#1 C:\wamp64\www\evaluation\system\Events\Events.php(188): call_user_func(Array)
#2 C:\wamp64\www\evaluation\system\CodeIgniter.php(287): CodeIgniter\Events\Events::trigger('pre_system')
#3 C:\wamp64\www\evaluation\public\index.php(45): CodeIgniter\CodeIgniter->run()
#4 {main}
CRITICAL - 2021-11-02 20:17:48 --> call_user_func() expects parameter 1 to be a valid callback, class 'authentic' not found
#0 [internal function]: CodeIgniter\Debug\Exceptions->errorHandler(2, 'call_user_func(...', 'C:\\wamp64\\www\\e...', 188, Array)
#1 C:\wamp64\www\evaluation\system\Events\Events.php(188): call_user_func(Array)
#2 C:\wamp64\www\evaluation\system\CodeIgniter.php(396): CodeIgniter\Events\Events::trigger('post_controller...')
#3 C:\wamp64\www\evaluation\system\CodeIgniter.php(306): CodeIgniter\CodeIgniter->handleRequest(NULL, Object(Config\Cache), false)
#4 C:\wamp64\www\evaluation\public\index.php(45): CodeIgniter\CodeIgniter->run()
#5 {main}
CRITICAL - 2021-11-02 20:19:45 --> call_user_func() expects parameter 1 to be a valid callback, class 'authentic' not found
#0 [internal function]: CodeIgniter\Debug\Exceptions->errorHandler(2, 'call_user_func(...', 'C:\\wamp64\\www\\e...', 188, Array)
#1 C:\wamp64\www\evaluation\system\Events\Events.php(188): call_user_func(Array)
#2 C:\wamp64\www\evaluation\system\CodeIgniter.php(396): CodeIgniter\Events\Events::trigger('post_controller...')
#3 C:\wamp64\www\evaluation\system\CodeIgniter.php(306): CodeIgniter\CodeIgniter->handleRequest(NULL, Object(Config\Cache), false)
#4 C:\wamp64\www\evaluation\public\index.php(45): CodeIgniter\CodeIgniter->run()
#5 {main}
CRITICAL - 2021-11-02 20:19:46 --> call_user_func() expects parameter 1 to be a valid callback, class 'authentic' not found
#0 [internal function]: CodeIgniter\Debug\Exceptions->errorHandler(2, 'call_user_func(...', 'C:\\wamp64\\www\\e...', 188, Array)
#1 C:\wamp64\www\evaluation\system\Events\Events.php(188): call_user_func(Array)
#2 C:\wamp64\www\evaluation\system\CodeIgniter.php(396): CodeIgniter\Events\Events::trigger('post_controller...')
#3 C:\wamp64\www\evaluation\system\CodeIgniter.php(306): CodeIgniter\CodeIgniter->handleRequest(NULL, Object(Config\Cache), false)
#4 C:\wamp64\www\evaluation\public\index.php(45): CodeIgniter\CodeIgniter->run()
#5 {main}
