CRITICAL - 2021-11-01 07:23:47 --> Undefined index: id
#0 C:\wamp64\www\codeigniter4example-master\app\Controllers\Home.php(28): CodeIgniter\Debug\Exceptions->errorHandler(8, 'Undefined index...', 'C:\\wamp64\\www\\c...', 28, Array)
#1 C:\wamp64\www\codeigniter4example-master\system\CodeIgniter.php(910): App\Controllers\Home->customerSession()
#2 C:\wamp64\www\codeigniter4example-master\system\CodeIgniter.php(398): CodeIgniter\CodeIgniter->runController(Object(App\Controllers\Home))
#3 C:\wamp64\www\codeigniter4example-master\system\CodeIgniter.php(306): CodeIgniter\CodeIgniter->handleRequest(NULL, Object(Config\Cache), false)
#4 C:\wamp64\www\codeigniter4example-master\public\index.php(45): CodeIgniter\CodeIgniter->run()
#5 {main}
CRITICAL - 2021-11-01 07:26:01 --> Undefined index: id
#0 C:\wamp64\www\codeigniter4example-master\app\Controllers\Home.php(28): CodeIgniter\Debug\Exceptions->errorHandler(8, 'Undefined index...', 'C:\\wamp64\\www\\c...', 28, Array)
#1 C:\wamp64\www\codeigniter4example-master\system\CodeIgniter.php(910): App\Controllers\Home->customerSession()
#2 C:\wamp64\www\codeigniter4example-master\system\CodeIgniter.php(398): CodeIgniter\CodeIgniter->runController(Object(App\Controllers\Home))
#3 C:\wamp64\www\codeigniter4example-master\system\CodeIgniter.php(306): CodeIgniter\CodeIgniter->handleRequest(NULL, Object(Config\Cache), false)
#4 C:\wamp64\www\codeigniter4example-master\public\index.php(45): CodeIgniter\CodeIgniter->run()
#5 {main}
CRITICAL - 2021-11-01 07:26:52 --> Undefined index: id
#0 C:\wamp64\www\codeigniter4example-master\app\Controllers\Home.php(28): CodeIgniter\Debug\Exceptions->errorHandler(8, 'Undefined index...', 'C:\\wamp64\\www\\c...', 28, Array)
#1 C:\wamp64\www\codeigniter4example-master\system\CodeIgniter.php(910): App\Controllers\Home->customerSession()
#2 C:\wamp64\www\codeigniter4example-master\system\CodeIgniter.php(398): CodeIgniter\CodeIgniter->runController(Object(App\Controllers\Home))
#3 C:\wamp64\www\codeigniter4example-master\system\CodeIgniter.php(306): CodeIgniter\CodeIgniter->handleRequest(NULL, Object(Config\Cache), false)
#4 C:\wamp64\www\codeigniter4example-master\public\index.php(45): CodeIgniter\CodeIgniter->run()
#5 {main}
CRITICAL - 2021-11-01 07:26:59 --> Undefined index: id
#0 C:\wamp64\www\codeigniter4example-master\app\Controllers\Home.php(28): CodeIgniter\Debug\Exceptions->errorHandler(8, 'Undefined index...', 'C:\\wamp64\\www\\c...', 28, Array)
#1 C:\wamp64\www\codeigniter4example-master\system\CodeIgniter.php(910): App\Controllers\Home->customerSession()
#2 C:\wamp64\www\codeigniter4example-master\system\CodeIgniter.php(398): CodeIgniter\CodeIgniter->runController(Object(App\Controllers\Home))
#3 C:\wamp64\www\codeigniter4example-master\system\CodeIgniter.php(306): CodeIgniter\CodeIgniter->handleRequest(NULL, Object(Config\Cache), false)
#4 C:\wamp64\www\codeigniter4example-master\public\index.php(45): CodeIgniter\CodeIgniter->run()
#5 {main}
CRITICAL - 2021-11-01 07:33:01 --> Undefined index: id
#0 C:\wamp64\www\codeigniter4example-master\app\Controllers\Home.php(28): CodeIgniter\Debug\Exceptions->errorHandler(8, 'Undefined index...', 'C:\\wamp64\\www\\c...', 28, Array)
#1 C:\wamp64\www\codeigniter4example-master\system\CodeIgniter.php(910): App\Controllers\Home->customerSession()
#2 C:\wamp64\www\codeigniter4example-master\system\CodeIgniter.php(398): CodeIgniter\CodeIgniter->runController(Object(App\Controllers\Home))
#3 C:\wamp64\www\codeigniter4example-master\system\CodeIgniter.php(306): CodeIgniter\CodeIgniter->handleRequest(NULL, Object(Config\Cache), false)
#4 C:\wamp64\www\codeigniter4example-master\public\index.php(45): CodeIgniter\CodeIgniter->run()
#5 {main}
CRITICAL - 2021-11-01 10:51:36 --> Cannot add or update a child row: a foreign key constraint fails (`evaluation`.`users`, CONSTRAINT `fk_users_permissions1` FOREIGN KEY (`permissions_id`) REFERENCES `permissions` (`idPermissions`) ON DELETE NO ACTION ON UPDATE NO ACTION)
#0 C:\wamp64\www\evaluation\system\Database\MySQLi\Connection.php(330): mysqli->query('INSERT INTO `us...')
#1 C:\wamp64\www\evaluation\system\Database\BaseConnection.php(738): CodeIgniter\Database\MySQLi\Connection->execute('INSERT INTO `us...')
#2 C:\wamp64\www\evaluation\system\Database\BaseConnection.php(666): CodeIgniter\Database\BaseConnection->simpleQuery('INSERT INTO `us...')
#3 C:\wamp64\www\evaluation\system\Database\BaseBuilder.php(2206): CodeIgniter\Database\BaseConnection->query('INSERT INTO `us...', Array, false)
#4 C:\wamp64\www\evaluation\system\Model.php(722): CodeIgniter\Database\BaseBuilder->insert()
#5 C:\wamp64\www\evaluation\app\Models\UsersModel.php(21): CodeIgniter\Model->insert(Array)
#6 C:\wamp64\www\evaluation\app\Controllers\Home.php(55): App\Models\UsersModel->insert_data_login(Array)
#7 C:\wamp64\www\evaluation\system\CodeIgniter.php(910): App\Controllers\Home->insertData()
#8 C:\wamp64\www\evaluation\system\CodeIgniter.php(398): CodeIgniter\CodeIgniter->runController(Object(App\Controllers\Home))
#9 C:\wamp64\www\evaluation\system\CodeIgniter.php(306): CodeIgniter\CodeIgniter->handleRequest(NULL, Object(Config\Cache), false)
#10 C:\wamp64\www\evaluation\public\index.php(45): CodeIgniter\CodeIgniter->run()
#11 {main}
CRITICAL - 2021-11-01 10:57:28 --> Allowed fields must be specified for model: App\Models\UsersModel
#0 C:\wamp64\www\evaluation\system\Model.php(1218): CodeIgniter\Database\Exceptions\DataException::forInvalidAllowedFields('App\\Models\\User...')
#1 C:\wamp64\www\evaluation\system\Model.php(702): CodeIgniter\Model->doProtectFields(Array)
#2 C:\wamp64\www\evaluation\app\Models\UsersModel.php(21): CodeIgniter\Model->insert(Array)
#3 C:\wamp64\www\evaluation\app\Controllers\Home.php(54): App\Models\UsersModel->insert_data_login(Array)
#4 C:\wamp64\www\evaluation\system\CodeIgniter.php(910): App\Controllers\Home->insertData()
#5 C:\wamp64\www\evaluation\system\CodeIgniter.php(398): CodeIgniter\CodeIgniter->runController(Object(App\Controllers\Home))
#6 C:\wamp64\www\evaluation\system\CodeIgniter.php(306): CodeIgniter\CodeIgniter->handleRequest(NULL, Object(Config\Cache), false)
#7 C:\wamp64\www\evaluation\public\index.php(45): CodeIgniter\CodeIgniter->run()
#8 {main}
CRITICAL - 2021-11-01 11:07:56 --> Unknown column 'passwd' in 'where clause'
#0 C:\wamp64\www\evaluation\system\Database\MySQLi\Connection.php(330): mysqli->query('SELECT *\nFROM `...')
#1 C:\wamp64\www\evaluation\system\Database\BaseConnection.php(738): CodeIgniter\Database\MySQLi\Connection->execute('SELECT *\nFROM `...')
#2 C:\wamp64\www\evaluation\system\Database\BaseConnection.php(666): CodeIgniter\Database\BaseConnection->simpleQuery('SELECT *\nFROM `...')
#3 C:\wamp64\www\evaluation\system\Database\BaseBuilder.php(1819): CodeIgniter\Database\BaseConnection->query('SELECT *\nFROM `...', Array, false)
#4 C:\wamp64\www\evaluation\system\Model.php(482): CodeIgniter\Database\BaseBuilder->get()
#5 C:\wamp64\www\evaluation\app\Models\UsersModel.php(25): CodeIgniter\Model->first()
#6 C:\wamp64\www\evaluation\app\Controllers\Home.php(91): App\Models\UsersModel->checkUserPassword(Array)
#7 C:\wamp64\www\evaluation\system\CodeIgniter.php(910): App\Controllers\Home->loginUser()
#8 C:\wamp64\www\evaluation\system\CodeIgniter.php(398): CodeIgniter\CodeIgniter->runController(Object(App\Controllers\Home))
#9 C:\wamp64\www\evaluation\system\CodeIgniter.php(306): CodeIgniter\CodeIgniter->handleRequest(NULL, Object(Config\Cache), false)
#10 C:\wamp64\www\evaluation\public\index.php(45): CodeIgniter\CodeIgniter->run()
#11 {main}
CRITICAL - 2021-11-01 11:11:11 --> Unknown column 'passwd' in 'where clause'
#0 C:\wamp64\www\evaluation\system\Database\MySQLi\Connection.php(330): mysqli->query('SELECT *\nFROM `...')
#1 C:\wamp64\www\evaluation\system\Database\BaseConnection.php(738): CodeIgniter\Database\MySQLi\Connection->execute('SELECT *\nFROM `...')
#2 C:\wamp64\www\evaluation\system\Database\BaseConnection.php(666): CodeIgniter\Database\BaseConnection->simpleQuery('SELECT *\nFROM `...')
#3 C:\wamp64\www\evaluation\system\Database\BaseBuilder.php(1819): CodeIgniter\Database\BaseConnection->query('SELECT *\nFROM `...', Array, false)
#4 C:\wamp64\www\evaluation\system\Model.php(482): CodeIgniter\Database\BaseBuilder->get()
#5 C:\wamp64\www\evaluation\app\Models\UsersModel.php(25): CodeIgniter\Model->first()
#6 C:\wamp64\www\evaluation\app\Controllers\Home.php(91): App\Models\UsersModel->checkUserPassword(Array)
#7 C:\wamp64\www\evaluation\system\CodeIgniter.php(910): App\Controllers\Home->loginUser()
#8 C:\wamp64\www\evaluation\system\CodeIgniter.php(398): CodeIgniter\CodeIgniter->runController(Object(App\Controllers\Home))
#9 C:\wamp64\www\evaluation\system\CodeIgniter.php(306): CodeIgniter\CodeIgniter->handleRequest(NULL, Object(Config\Cache), false)
#10 C:\wamp64\www\evaluation\public\index.php(45): CodeIgniter\CodeIgniter->run()
#11 {main}
CRITICAL - 2021-11-01 11:12:28 --> Unknown column 'emailLL' in 'where clause'
#0 C:\wamp64\www\evaluation\system\Database\MySQLi\Connection.php(330): mysqli->query('SELECT *\nFROM `...')
#1 C:\wamp64\www\evaluation\system\Database\BaseConnection.php(738): CodeIgniter\Database\MySQLi\Connection->execute('SELECT *\nFROM `...')
#2 C:\wamp64\www\evaluation\system\Database\BaseConnection.php(666): CodeIgniter\Database\BaseConnection->simpleQuery('SELECT *\nFROM `...')
#3 C:\wamp64\www\evaluation\system\Database\BaseBuilder.php(1819): CodeIgniter\Database\BaseConnection->query('SELECT *\nFROM `...', Array, false)
#4 C:\wamp64\www\evaluation\system\Model.php(482): CodeIgniter\Database\BaseBuilder->get()
#5 C:\wamp64\www\evaluation\app\Models\UsersModel.php(25): CodeIgniter\Model->first()
#6 C:\wamp64\www\evaluation\app\Controllers\Home.php(93): App\Models\UsersModel->checkUserPassword(Array)
#7 C:\wamp64\www\evaluation\system\CodeIgniter.php(910): App\Controllers\Home->loginUser()
#8 C:\wamp64\www\evaluation\system\CodeIgniter.php(398): CodeIgniter\CodeIgniter->runController(Object(App\Controllers\Home))
#9 C:\wamp64\www\evaluation\system\CodeIgniter.php(306): CodeIgniter\CodeIgniter->handleRequest(NULL, Object(Config\Cache), false)
#10 C:\wamp64\www\evaluation\public\index.php(45): CodeIgniter\CodeIgniter->run()
#11 {main}
CRITICAL - 2021-11-01 11:30:40 --> Undefined index: id
#0 C:\wamp64\www\evaluation\app\Controllers\Home.php(100): CodeIgniter\Debug\Exceptions->errorHandler(8, 'Undefined index...', 'C:\\wamp64\\www\\e...', 100, Array)
#1 C:\wamp64\www\evaluation\system\CodeIgniter.php(910): App\Controllers\Home->loginUser()
#2 C:\wamp64\www\evaluation\system\CodeIgniter.php(398): CodeIgniter\CodeIgniter->runController(Object(App\Controllers\Home))
#3 C:\wamp64\www\evaluation\system\CodeIgniter.php(306): CodeIgniter\CodeIgniter->handleRequest(NULL, Object(Config\Cache), false)
#4 C:\wamp64\www\evaluation\public\index.php(45): CodeIgniter\CodeIgniter->run()
#5 {main}
CRITICAL - 2021-11-01 12:31:00 --> syntax error, unexpected ';'
#0 C:\wamp64\www\evaluation\system\Autoloader\Autoloader.php(296): CodeIgniter\Autoloader\Autoloader->requireFile('C:\\wamp64\\www\\e...')
#1 C:\wamp64\www\evaluation\system\Autoloader\Autoloader.php(258): CodeIgniter\Autoloader\Autoloader->loadInNamespace('App\\Controllers...')
#2 [internal function]: CodeIgniter\Autoloader\Autoloader->loadClass('App\\Controllers...')
#3 [internal function]: spl_autoload_call('App\\Controllers...')
#4 C:\wamp64\www\evaluation\system\CodeIgniter.php(861): class_exists('\\App\\Controller...', true)
#5 C:\wamp64\www\evaluation\system\CodeIgniter.php(388): CodeIgniter\CodeIgniter->startController()
#6 C:\wamp64\www\evaluation\system\CodeIgniter.php(306): CodeIgniter\CodeIgniter->handleRequest(NULL, Object(Config\Cache), false)
#7 C:\wamp64\www\evaluation\public\index.php(45): CodeIgniter\CodeIgniter->run()
#8 {main}
CRITICAL - 2021-11-01 12:36:43 --> Undefined property: CodeIgniter\View\View::$load
#0 C:\wamp64\www\evaluation\app\Views\common\layout.php(1): CodeIgniter\Debug\Exceptions->errorHandler(8, 'Undefined prope...', 'C:\\wamp64\\www\\e...', 1, Array)
#1 C:\wamp64\www\evaluation\system\View\View.php(236): include('C:\\wamp64\\www\\e...')
#2 C:\wamp64\www\evaluation\system\Common.php(1071): CodeIgniter\View\View->render('common/layout', Array, true)
#3 C:\wamp64\www\evaluation\app\Controllers\Home.php(127): view('common/layout', Array)
#4 C:\wamp64\www\evaluation\system\CodeIgniter.php(910): App\Controllers\Home->usersession()
#5 C:\wamp64\www\evaluation\system\CodeIgniter.php(398): CodeIgniter\CodeIgniter->runController(Object(App\Controllers\Home))
#6 C:\wamp64\www\evaluation\system\CodeIgniter.php(306): CodeIgniter\CodeIgniter->handleRequest(NULL, Object(Config\Cache), false)
#7 C:\wamp64\www\evaluation\public\index.php(45): CodeIgniter\CodeIgniter->run()
#8 {main}
CRITICAL - 2021-11-01 19:12:28 --> Undefined variable: data
#0 C:\wamp64\www\evaluation\app\Views\users\edit.php(4): CodeIgniter\Debug\Exceptions->errorHandler(8, 'Undefined varia...', 'C:\\wamp64\\www\\e...', 4, Array)
#1 C:\wamp64\www\evaluation\system\View\View.php(236): include('C:\\wamp64\\www\\e...')
#2 C:\wamp64\www\evaluation\system\Common.php(1071): CodeIgniter\View\View->render('users/edit', Array, true)
#3 C:\wamp64\www\evaluation\app\Views\common\layout.php(5): view('users/edit')
#4 C:\wamp64\www\evaluation\system\View\View.php(236): include('C:\\wamp64\\www\\e...')
#5 C:\wamp64\www\evaluation\system\Common.php(1071): CodeIgniter\View\View->render('common/layout', Array, true)
#6 C:\wamp64\www\evaluation\app\Controllers\Users.php(24): view('common/layout', Array)
#7 C:\wamp64\www\evaluation\system\CodeIgniter.php(910): App\Controllers\Users->editUser('1')
#8 C:\wamp64\www\evaluation\system\CodeIgniter.php(398): CodeIgniter\CodeIgniter->runController(Object(App\Controllers\Users))
#9 C:\wamp64\www\evaluation\system\CodeIgniter.php(306): CodeIgniter\CodeIgniter->handleRequest(NULL, Object(Config\Cache), false)
#10 C:\wamp64\www\evaluation\public\index.php(45): CodeIgniter\CodeIgniter->run()
#11 {main}
CRITICAL - 2021-11-01 19:12:28 --> Undefined variable: data
#0 C:\wamp64\www\evaluation\app\Views\users\edit.php(4): CodeIgniter\Debug\Exceptions->errorHandler(8, 'Undefined varia...', 'C:\\wamp64\\www\\e...', 4, Array)
#1 C:\wamp64\www\evaluation\system\View\View.php(236): include('C:\\wamp64\\www\\e...')
#2 C:\wamp64\www\evaluation\system\Common.php(1071): CodeIgniter\View\View->render('users/edit', Array, true)
#3 C:\wamp64\www\evaluation\app\Views\common\layout.php(5): view('users/edit')
#4 C:\wamp64\www\evaluation\system\View\View.php(236): include('C:\\wamp64\\www\\e...')
#5 C:\wamp64\www\evaluation\system\Common.php(1071): CodeIgniter\View\View->render('common/layout', Array, true)
#6 C:\wamp64\www\evaluation\app\Controllers\Users.php(24): view('common/layout', Array)
#7 C:\wamp64\www\evaluation\system\CodeIgniter.php(910): App\Controllers\Users->editUser('1')
#8 C:\wamp64\www\evaluation\system\CodeIgniter.php(398): CodeIgniter\CodeIgniter->runController(Object(App\Controllers\Users))
#9 C:\wamp64\www\evaluation\system\CodeIgniter.php(306): CodeIgniter\CodeIgniter->handleRequest(NULL, Object(Config\Cache), false)
#10 C:\wamp64\www\evaluation\public\index.php(45): CodeIgniter\CodeIgniter->run()
#11 {main}
CRITICAL - 2021-11-01 19:13:53 --> Undefined variable: data
#0 C:\wamp64\www\evaluation\app\Views\users\edit.php(4): CodeIgniter\Debug\Exceptions->errorHandler(8, 'Undefined varia...', 'C:\\wamp64\\www\\e...', 4, Array)
#1 C:\wamp64\www\evaluation\system\View\View.php(236): include('C:\\wamp64\\www\\e...')
#2 C:\wamp64\www\evaluation\system\Common.php(1071): CodeIgniter\View\View->render('users/edit', Array, true)
#3 C:\wamp64\www\evaluation\app\Views\common\layout.php(5): view('users/edit')
#4 C:\wamp64\www\evaluation\system\View\View.php(236): include('C:\\wamp64\\www\\e...')
#5 C:\wamp64\www\evaluation\system\Common.php(1071): CodeIgniter\View\View->render('common/layout', Array, true)
#6 C:\wamp64\www\evaluation\app\Controllers\Users.php(25): view('common/layout', Array)
#7 C:\wamp64\www\evaluation\system\CodeIgniter.php(910): App\Controllers\Users->editUser('1')
#8 C:\wamp64\www\evaluation\system\CodeIgniter.php(398): CodeIgniter\CodeIgniter->runController(Object(App\Controllers\Users))
#9 C:\wamp64\www\evaluation\system\CodeIgniter.php(306): CodeIgniter\CodeIgniter->handleRequest(NULL, Object(Config\Cache), false)
#10 C:\wamp64\www\evaluation\public\index.php(45): CodeIgniter\CodeIgniter->run()
#11 {main}
CRITICAL - 2021-11-01 19:13:54 --> Undefined variable: data
#0 C:\wamp64\www\evaluation\app\Views\users\edit.php(4): CodeIgniter\Debug\Exceptions->errorHandler(8, 'Undefined varia...', 'C:\\wamp64\\www\\e...', 4, Array)
#1 C:\wamp64\www\evaluation\system\View\View.php(236): include('C:\\wamp64\\www\\e...')
#2 C:\wamp64\www\evaluation\system\Common.php(1071): CodeIgniter\View\View->render('users/edit', Array, true)
#3 C:\wamp64\www\evaluation\app\Views\common\layout.php(5): view('users/edit')
#4 C:\wamp64\www\evaluation\system\View\View.php(236): include('C:\\wamp64\\www\\e...')
#5 C:\wamp64\www\evaluation\system\Common.php(1071): CodeIgniter\View\View->render('common/layout', Array, true)
#6 C:\wamp64\www\evaluation\app\Controllers\Users.php(25): view('common/layout', Array)
#7 C:\wamp64\www\evaluation\system\CodeIgniter.php(910): App\Controllers\Users->editUser('1')
#8 C:\wamp64\www\evaluation\system\CodeIgniter.php(398): CodeIgniter\CodeIgniter->runController(Object(App\Controllers\Users))
#9 C:\wamp64\www\evaluation\system\CodeIgniter.php(306): CodeIgniter\CodeIgniter->handleRequest(NULL, Object(Config\Cache), false)
#10 C:\wamp64\www\evaluation\public\index.php(45): CodeIgniter\CodeIgniter->run()
#11 {main}
CRITICAL - 2021-11-01 19:14:53 --> Call to undefined function db()
#0 C:\wamp64\www\evaluation\system\View\View.php(236): include()
#1 C:\wamp64\www\evaluation\system\Common.php(1071): CodeIgniter\View\View->render('users/edit', Array, true)
#2 C:\wamp64\www\evaluation\app\Views\common\layout.php(5): view('users/edit')
#3 C:\wamp64\www\evaluation\system\View\View.php(236): include('C:\\wamp64\\www\\e...')
#4 C:\wamp64\www\evaluation\system\Common.php(1071): CodeIgniter\View\View->render('common/layout', Array, true)
#5 C:\wamp64\www\evaluation\app\Controllers\Users.php(25): view('common/layout', Array)
#6 C:\wamp64\www\evaluation\system\CodeIgniter.php(910): App\Controllers\Users->editUser('1')
#7 C:\wamp64\www\evaluation\system\CodeIgniter.php(398): CodeIgniter\CodeIgniter->runController(Object(App\Controllers\Users))
#8 C:\wamp64\www\evaluation\system\CodeIgniter.php(306): CodeIgniter\CodeIgniter->handleRequest(NULL, Object(Config\Cache), false)
#9 C:\wamp64\www\evaluation\public\index.php(45): CodeIgniter\CodeIgniter->run()
#10 {main}
CRITICAL - 2021-11-01 19:14:53 --> Call to undefined function db()
#0 C:\wamp64\www\evaluation\system\View\View.php(236): include()
#1 C:\wamp64\www\evaluation\system\Common.php(1071): CodeIgniter\View\View->render('users/edit', Array, true)
#2 C:\wamp64\www\evaluation\app\Views\common\layout.php(5): view('users/edit')
#3 C:\wamp64\www\evaluation\system\View\View.php(236): include('C:\\wamp64\\www\\e...')
#4 C:\wamp64\www\evaluation\system\Common.php(1071): CodeIgniter\View\View->render('common/layout', Array, true)
#5 C:\wamp64\www\evaluation\app\Controllers\Users.php(25): view('common/layout', Array)
#6 C:\wamp64\www\evaluation\system\CodeIgniter.php(910): App\Controllers\Users->editUser('1')
#7 C:\wamp64\www\evaluation\system\CodeIgniter.php(398): CodeIgniter\CodeIgniter->runController(Object(App\Controllers\Users))
#8 C:\wamp64\www\evaluation\system\CodeIgniter.php(306): CodeIgniter\CodeIgniter->handleRequest(NULL, Object(Config\Cache), false)
#9 C:\wamp64\www\evaluation\public\index.php(45): CodeIgniter\CodeIgniter->run()
#10 {main}
CRITICAL - 2021-11-01 19:17:51 --> Undefined variable: data
#0 C:\wamp64\www\evaluation\app\Views\users\edit.php(39): CodeIgniter\Debug\Exceptions->errorHandler(8, 'Undefined varia...', 'C:\\wamp64\\www\\e...', 39, Array)
#1 C:\wamp64\www\evaluation\system\View\View.php(236): include('C:\\wamp64\\www\\e...')
#2 C:\wamp64\www\evaluation\system\Common.php(1071): CodeIgniter\View\View->render('users/edit', Array, true)
#3 C:\wamp64\www\evaluation\app\Views\common\layout.php(5): view('users/edit')
#4 C:\wamp64\www\evaluation\system\View\View.php(236): include('C:\\wamp64\\www\\e...')
#5 C:\wamp64\www\evaluation\system\Common.php(1071): CodeIgniter\View\View->render('common/layout', Array, true)
#6 C:\wamp64\www\evaluation\app\Controllers\Users.php(25): view('common/layout', Array)
#7 C:\wamp64\www\evaluation\system\CodeIgniter.php(910): App\Controllers\Users->editUser('1')
#8 C:\wamp64\www\evaluation\system\CodeIgniter.php(398): CodeIgniter\CodeIgniter->runController(Object(App\Controllers\Users))
#9 C:\wamp64\www\evaluation\system\CodeIgniter.php(306): CodeIgniter\CodeIgniter->handleRequest(NULL, Object(Config\Cache), false)
#10 C:\wamp64\www\evaluation\public\index.php(45): CodeIgniter\CodeIgniter->run()
#11 {main}
CRITICAL - 2021-11-01 19:17:51 --> Undefined variable: data
#0 C:\wamp64\www\evaluation\app\Views\users\edit.php(39): CodeIgniter\Debug\Exceptions->errorHandler(8, 'Undefined varia...', 'C:\\wamp64\\www\\e...', 39, Array)
#1 C:\wamp64\www\evaluation\system\View\View.php(236): include('C:\\wamp64\\www\\e...')
#2 C:\wamp64\www\evaluation\system\Common.php(1071): CodeIgniter\View\View->render('users/edit', Array, true)
#3 C:\wamp64\www\evaluation\app\Views\common\layout.php(5): view('users/edit')
#4 C:\wamp64\www\evaluation\system\View\View.php(236): include('C:\\wamp64\\www\\e...')
#5 C:\wamp64\www\evaluation\system\Common.php(1071): CodeIgniter\View\View->render('common/layout', Array, true)
#6 C:\wamp64\www\evaluation\app\Controllers\Users.php(25): view('common/layout', Array)
#7 C:\wamp64\www\evaluation\system\CodeIgniter.php(910): App\Controllers\Users->editUser('1')
#8 C:\wamp64\www\evaluation\system\CodeIgniter.php(398): CodeIgniter\CodeIgniter->runController(Object(App\Controllers\Users))
#9 C:\wamp64\www\evaluation\system\CodeIgniter.php(306): CodeIgniter\CodeIgniter->handleRequest(NULL, Object(Config\Cache), false)
#10 C:\wamp64\www\evaluation\public\index.php(45): CodeIgniter\CodeIgniter->run()
#11 {main}
CRITICAL - 2021-11-01 19:19:55 --> Undefined variable: idUsers
#0 C:\wamp64\www\evaluation\app\Views\users\edit.php(39): CodeIgniter\Debug\Exceptions->errorHandler(8, 'Undefined varia...', 'C:\\wamp64\\www\\e...', 39, Array)
#1 C:\wamp64\www\evaluation\system\View\View.php(236): include('C:\\wamp64\\www\\e...')
#2 C:\wamp64\www\evaluation\system\Common.php(1071): CodeIgniter\View\View->render('users/edit', Array, true)
#3 C:\wamp64\www\evaluation\app\Views\common\layout.php(5): view('users/edit')
#4 C:\wamp64\www\evaluation\system\View\View.php(236): include('C:\\wamp64\\www\\e...')
#5 C:\wamp64\www\evaluation\system\Common.php(1071): CodeIgniter\View\View->render('common/layout', Array, true)
#6 C:\wamp64\www\evaluation\app\Controllers\Users.php(27): view('common/layout', Array)
#7 C:\wamp64\www\evaluation\system\CodeIgniter.php(910): App\Controllers\Users->editUser('1')
#8 C:\wamp64\www\evaluation\system\CodeIgniter.php(398): CodeIgniter\CodeIgniter->runController(Object(App\Controllers\Users))
#9 C:\wamp64\www\evaluation\system\CodeIgniter.php(306): CodeIgniter\CodeIgniter->handleRequest(NULL, Object(Config\Cache), false)
#10 C:\wamp64\www\evaluation\public\index.php(45): CodeIgniter\CodeIgniter->run()
#11 {main}
CRITICAL - 2021-11-01 19:19:55 --> Undefined variable: idUsers
#0 C:\wamp64\www\evaluation\app\Views\users\edit.php(39): CodeIgniter\Debug\Exceptions->errorHandler(8, 'Undefined varia...', 'C:\\wamp64\\www\\e...', 39, Array)
#1 C:\wamp64\www\evaluation\system\View\View.php(236): include('C:\\wamp64\\www\\e...')
#2 C:\wamp64\www\evaluation\system\Common.php(1071): CodeIgniter\View\View->render('users/edit', Array, true)
#3 C:\wamp64\www\evaluation\app\Views\common\layout.php(5): view('users/edit')
#4 C:\wamp64\www\evaluation\system\View\View.php(236): include('C:\\wamp64\\www\\e...')
#5 C:\wamp64\www\evaluation\system\Common.php(1071): CodeIgniter\View\View->render('common/layout', Array, true)
#6 C:\wamp64\www\evaluation\app\Controllers\Users.php(27): view('common/layout', Array)
#7 C:\wamp64\www\evaluation\system\CodeIgniter.php(910): App\Controllers\Users->editUser('1')
#8 C:\wamp64\www\evaluation\system\CodeIgniter.php(398): CodeIgniter\CodeIgniter->runController(Object(App\Controllers\Users))
#9 C:\wamp64\www\evaluation\system\CodeIgniter.php(306): CodeIgniter\CodeIgniter->handleRequest(NULL, Object(Config\Cache), false)
#10 C:\wamp64\www\evaluation\public\index.php(45): CodeIgniter\CodeIgniter->run()
#11 {main}
CRITICAL - 2021-11-01 19:21:22 --> Undefined variable: result
#0 C:\wamp64\www\evaluation\app\Views\users\edit.php(39): CodeIgniter\Debug\Exceptions->errorHandler(8, 'Undefined varia...', 'C:\\wamp64\\www\\e...', 39, Array)
#1 C:\wamp64\www\evaluation\system\View\View.php(236): include('C:\\wamp64\\www\\e...')
#2 C:\wamp64\www\evaluation\system\Common.php(1071): CodeIgniter\View\View->render('users/edit', Array, true)
#3 C:\wamp64\www\evaluation\app\Views\common\layout.php(5): view('users/edit')
#4 C:\wamp64\www\evaluation\system\View\View.php(236): include('C:\\wamp64\\www\\e...')
#5 C:\wamp64\www\evaluation\system\Common.php(1071): CodeIgniter\View\View->render('common/layout', Array, true)
#6 C:\wamp64\www\evaluation\app\Controllers\Users.php(27): view('common/layout', Array)
#7 C:\wamp64\www\evaluation\system\CodeIgniter.php(910): App\Controllers\Users->editUser('1')
#8 C:\wamp64\www\evaluation\system\CodeIgniter.php(398): CodeIgniter\CodeIgniter->runController(Object(App\Controllers\Users))
#9 C:\wamp64\www\evaluation\system\CodeIgniter.php(306): CodeIgniter\CodeIgniter->handleRequest(NULL, Object(Config\Cache), false)
#10 C:\wamp64\www\evaluation\public\index.php(45): CodeIgniter\CodeIgniter->run()
#11 {main}
CRITICAL - 2021-11-01 19:21:22 --> Undefined variable: result
#0 C:\wamp64\www\evaluation\app\Views\users\edit.php(39): CodeIgniter\Debug\Exceptions->errorHandler(8, 'Undefined varia...', 'C:\\wamp64\\www\\e...', 39, Array)
#1 C:\wamp64\www\evaluation\system\View\View.php(236): include('C:\\wamp64\\www\\e...')
#2 C:\wamp64\www\evaluation\system\Common.php(1071): CodeIgniter\View\View->render('users/edit', Array, true)
#3 C:\wamp64\www\evaluation\app\Views\common\layout.php(5): view('users/edit')
#4 C:\wamp64\www\evaluation\system\View\View.php(236): include('C:\\wamp64\\www\\e...')
#5 C:\wamp64\www\evaluation\system\Common.php(1071): CodeIgniter\View\View->render('common/layout', Array, true)
#6 C:\wamp64\www\evaluation\app\Controllers\Users.php(27): view('common/layout', Array)
#7 C:\wamp64\www\evaluation\system\CodeIgniter.php(910): App\Controllers\Users->editUser('1')
#8 C:\wamp64\www\evaluation\system\CodeIgniter.php(398): CodeIgniter\CodeIgniter->runController(Object(App\Controllers\Users))
#9 C:\wamp64\www\evaluation\system\CodeIgniter.php(306): CodeIgniter\CodeIgniter->handleRequest(NULL, Object(Config\Cache), false)
#10 C:\wamp64\www\evaluation\public\index.php(45): CodeIgniter\CodeIgniter->run()
#11 {main}
CRITICAL - 2021-11-01 19:21:23 --> Undefined variable: result
#0 C:\wamp64\www\evaluation\app\Views\users\edit.php(39): CodeIgniter\Debug\Exceptions->errorHandler(8, 'Undefined varia...', 'C:\\wamp64\\www\\e...', 39, Array)
#1 C:\wamp64\www\evaluation\system\View\View.php(236): include('C:\\wamp64\\www\\e...')
#2 C:\wamp64\www\evaluation\system\Common.php(1071): CodeIgniter\View\View->render('users/edit', Array, true)
#3 C:\wamp64\www\evaluation\app\Views\common\layout.php(5): view('users/edit')
#4 C:\wamp64\www\evaluation\system\View\View.php(236): include('C:\\wamp64\\www\\e...')
#5 C:\wamp64\www\evaluation\system\Common.php(1071): CodeIgniter\View\View->render('common/layout', Array, true)
#6 C:\wamp64\www\evaluation\app\Controllers\Users.php(27): view('common/layout', Array)
#7 C:\wamp64\www\evaluation\system\CodeIgniter.php(910): App\Controllers\Users->editUser('1')
#8 C:\wamp64\www\evaluation\system\CodeIgniter.php(398): CodeIgniter\CodeIgniter->runController(Object(App\Controllers\Users))
#9 C:\wamp64\www\evaluation\system\CodeIgniter.php(306): CodeIgniter\CodeIgniter->handleRequest(NULL, Object(Config\Cache), false)
#10 C:\wamp64\www\evaluation\public\index.php(45): CodeIgniter\CodeIgniter->run()
#11 {main}
CRITICAL - 2021-11-01 19:21:23 --> Undefined variable: result
#0 C:\wamp64\www\evaluation\app\Views\users\edit.php(39): CodeIgniter\Debug\Exceptions->errorHandler(8, 'Undefined varia...', 'C:\\wamp64\\www\\e...', 39, Array)
#1 C:\wamp64\www\evaluation\system\View\View.php(236): include('C:\\wamp64\\www\\e...')
#2 C:\wamp64\www\evaluation\system\Common.php(1071): CodeIgniter\View\View->render('users/edit', Array, true)
#3 C:\wamp64\www\evaluation\app\Views\common\layout.php(5): view('users/edit')
#4 C:\wamp64\www\evaluation\system\View\View.php(236): include('C:\\wamp64\\www\\e...')
#5 C:\wamp64\www\evaluation\system\Common.php(1071): CodeIgniter\View\View->render('common/layout', Array, true)
#6 C:\wamp64\www\evaluation\app\Controllers\Users.php(27): view('common/layout', Array)
#7 C:\wamp64\www\evaluation\system\CodeIgniter.php(910): App\Controllers\Users->editUser('1')
#8 C:\wamp64\www\evaluation\system\CodeIgniter.php(398): CodeIgniter\CodeIgniter->runController(Object(App\Controllers\Users))
#9 C:\wamp64\www\evaluation\system\CodeIgniter.php(306): CodeIgniter\CodeIgniter->handleRequest(NULL, Object(Config\Cache), false)
#10 C:\wamp64\www\evaluation\public\index.php(45): CodeIgniter\CodeIgniter->run()
#11 {main}
CRITICAL - 2021-11-01 19:21:45 --> Undefined variable: result
#0 C:\wamp64\www\evaluation\app\Views\users\edit.php(39): CodeIgniter\Debug\Exceptions->errorHandler(8, 'Undefined varia...', 'C:\\wamp64\\www\\e...', 39, Array)
#1 C:\wamp64\www\evaluation\system\View\View.php(236): include('C:\\wamp64\\www\\e...')
#2 C:\wamp64\www\evaluation\system\Common.php(1071): CodeIgniter\View\View->render('users/edit', Array, true)
#3 C:\wamp64\www\evaluation\app\Views\common\layout.php(5): view('users/edit')
#4 C:\wamp64\www\evaluation\system\View\View.php(236): include('C:\\wamp64\\www\\e...')
#5 C:\wamp64\www\evaluation\system\Common.php(1071): CodeIgniter\View\View->render('common/layout', Array, true)
#6 C:\wamp64\www\evaluation\app\Controllers\Users.php(27): view('common/layout', Array)
#7 C:\wamp64\www\evaluation\system\CodeIgniter.php(910): App\Controllers\Users->editUser('1')
#8 C:\wamp64\www\evaluation\system\CodeIgniter.php(398): CodeIgniter\CodeIgniter->runController(Object(App\Controllers\Users))
#9 C:\wamp64\www\evaluation\system\CodeIgniter.php(306): CodeIgniter\CodeIgniter->handleRequest(NULL, Object(Config\Cache), false)
#10 C:\wamp64\www\evaluation\public\index.php(45): CodeIgniter\CodeIgniter->run()
#11 {main}
CRITICAL - 2021-11-01 19:21:45 --> Undefined variable: result
#0 C:\wamp64\www\evaluation\app\Views\users\edit.php(39): CodeIgniter\Debug\Exceptions->errorHandler(8, 'Undefined varia...', 'C:\\wamp64\\www\\e...', 39, Array)
#1 C:\wamp64\www\evaluation\system\View\View.php(236): include('C:\\wamp64\\www\\e...')
#2 C:\wamp64\www\evaluation\system\Common.php(1071): CodeIgniter\View\View->render('users/edit', Array, true)
#3 C:\wamp64\www\evaluation\app\Views\common\layout.php(5): view('users/edit')
#4 C:\wamp64\www\evaluation\system\View\View.php(236): include('C:\\wamp64\\www\\e...')
#5 C:\wamp64\www\evaluation\system\Common.php(1071): CodeIgniter\View\View->render('common/layout', Array, true)
#6 C:\wamp64\www\evaluation\app\Controllers\Users.php(27): view('common/layout', Array)
#7 C:\wamp64\www\evaluation\system\CodeIgniter.php(910): App\Controllers\Users->editUser('1')
#8 C:\wamp64\www\evaluation\system\CodeIgniter.php(398): CodeIgniter\CodeIgniter->runController(Object(App\Controllers\Users))
#9 C:\wamp64\www\evaluation\system\CodeIgniter.php(306): CodeIgniter\CodeIgniter->handleRequest(NULL, Object(Config\Cache), false)
#10 C:\wamp64\www\evaluation\public\index.php(45): CodeIgniter\CodeIgniter->run()
#11 {main}
CRITICAL - 2021-11-01 19:21:46 --> Undefined variable: result
#0 C:\wamp64\www\evaluation\app\Views\users\edit.php(39): CodeIgniter\Debug\Exceptions->errorHandler(8, 'Undefined varia...', 'C:\\wamp64\\www\\e...', 39, Array)
#1 C:\wamp64\www\evaluation\system\View\View.php(236): include('C:\\wamp64\\www\\e...')
#2 C:\wamp64\www\evaluation\system\Common.php(1071): CodeIgniter\View\View->render('users/edit', Array, true)
#3 C:\wamp64\www\evaluation\app\Views\common\layout.php(5): view('users/edit')
#4 C:\wamp64\www\evaluation\system\View\View.php(236): include('C:\\wamp64\\www\\e...')
#5 C:\wamp64\www\evaluation\system\Common.php(1071): CodeIgniter\View\View->render('common/layout', Array, true)
#6 C:\wamp64\www\evaluation\app\Controllers\Users.php(27): view('common/layout', Array)
#7 C:\wamp64\www\evaluation\system\CodeIgniter.php(910): App\Controllers\Users->editUser('1')
#8 C:\wamp64\www\evaluation\system\CodeIgniter.php(398): CodeIgniter\CodeIgniter->runController(Object(App\Controllers\Users))
#9 C:\wamp64\www\evaluation\system\CodeIgniter.php(306): CodeIgniter\CodeIgniter->handleRequest(NULL, Object(Config\Cache), false)
#10 C:\wamp64\www\evaluation\public\index.php(45): CodeIgniter\CodeIgniter->run()
#11 {main}
CRITICAL - 2021-11-01 19:21:46 --> Undefined variable: result
#0 C:\wamp64\www\evaluation\app\Views\users\edit.php(39): CodeIgniter\Debug\Exceptions->errorHandler(8, 'Undefined varia...', 'C:\\wamp64\\www\\e...', 39, Array)
#1 C:\wamp64\www\evaluation\system\View\View.php(236): include('C:\\wamp64\\www\\e...')
#2 C:\wamp64\www\evaluation\system\Common.php(1071): CodeIgniter\View\View->render('users/edit', Array, true)
#3 C:\wamp64\www\evaluation\app\Views\common\layout.php(5): view('users/edit')
#4 C:\wamp64\www\evaluation\system\View\View.php(236): include('C:\\wamp64\\www\\e...')
#5 C:\wamp64\www\evaluation\system\Common.php(1071): CodeIgniter\View\View->render('common/layout', Array, true)
#6 C:\wamp64\www\evaluation\app\Controllers\Users.php(27): view('common/layout', Array)
#7 C:\wamp64\www\evaluation\system\CodeIgniter.php(910): App\Controllers\Users->editUser('1')
#8 C:\wamp64\www\evaluation\system\CodeIgniter.php(398): CodeIgniter\CodeIgniter->runController(Object(App\Controllers\Users))
#9 C:\wamp64\www\evaluation\system\CodeIgniter.php(306): CodeIgniter\CodeIgniter->handleRequest(NULL, Object(Config\Cache), false)
#10 C:\wamp64\www\evaluation\public\index.php(45): CodeIgniter\CodeIgniter->run()
#11 {main}
CRITICAL - 2021-11-01 19:30:07 --> Undefined variable: id
#0 C:\wamp64\www\evaluation\app\Views\users\edit.php(37): CodeIgniter\Debug\Exceptions->errorHandler(8, 'Undefined varia...', 'C:\\wamp64\\www\\e...', 37, Array)
#1 C:\wamp64\www\evaluation\system\View\View.php(236): include('C:\\wamp64\\www\\e...')
#2 C:\wamp64\www\evaluation\system\Common.php(1071): CodeIgniter\View\View->render('users/edit', Array, true)
#3 C:\wamp64\www\evaluation\app\Views\common\layout.php(5): view('users/edit')
#4 C:\wamp64\www\evaluation\system\View\View.php(236): include('C:\\wamp64\\www\\e...')
#5 C:\wamp64\www\evaluation\system\Common.php(1071): CodeIgniter\View\View->render('common/layout', Array, true)
#6 C:\wamp64\www\evaluation\app\Controllers\Users.php(27): view('common/layout', Array)
#7 C:\wamp64\www\evaluation\system\CodeIgniter.php(910): App\Controllers\Users->editUser('1')
#8 C:\wamp64\www\evaluation\system\CodeIgniter.php(398): CodeIgniter\CodeIgniter->runController(Object(App\Controllers\Users))
#9 C:\wamp64\www\evaluation\system\CodeIgniter.php(306): CodeIgniter\CodeIgniter->handleRequest(NULL, Object(Config\Cache), false)
#10 C:\wamp64\www\evaluation\public\index.php(45): CodeIgniter\CodeIgniter->run()
#11 {main}
CRITICAL - 2021-11-01 19:30:07 --> Undefined variable: id
#0 C:\wamp64\www\evaluation\app\Views\users\edit.php(37): CodeIgniter\Debug\Exceptions->errorHandler(8, 'Undefined varia...', 'C:\\wamp64\\www\\e...', 37, Array)
#1 C:\wamp64\www\evaluation\system\View\View.php(236): include('C:\\wamp64\\www\\e...')
#2 C:\wamp64\www\evaluation\system\Common.php(1071): CodeIgniter\View\View->render('users/edit', Array, true)
#3 C:\wamp64\www\evaluation\app\Views\common\layout.php(5): view('users/edit')
#4 C:\wamp64\www\evaluation\system\View\View.php(236): include('C:\\wamp64\\www\\e...')
#5 C:\wamp64\www\evaluation\system\Common.php(1071): CodeIgniter\View\View->render('common/layout', Array, true)
#6 C:\wamp64\www\evaluation\app\Controllers\Users.php(27): view('common/layout', Array)
#7 C:\wamp64\www\evaluation\system\CodeIgniter.php(910): App\Controllers\Users->editUser('1')
#8 C:\wamp64\www\evaluation\system\CodeIgniter.php(398): CodeIgniter\CodeIgniter->runController(Object(App\Controllers\Users))
#9 C:\wamp64\www\evaluation\system\CodeIgniter.php(306): CodeIgniter\CodeIgniter->handleRequest(NULL, Object(Config\Cache), false)
#10 C:\wamp64\www\evaluation\public\index.php(45): CodeIgniter\CodeIgniter->run()
#11 {main}
CRITICAL - 2021-11-01 19:31:56 --> Array to string conversion
#0 C:\wamp64\www\evaluation\app\Views\users\edit.php(39): CodeIgniter\Debug\Exceptions->errorHandler(8, 'Array to string...', 'C:\\wamp64\\www\\e...', 39, Array)
#1 C:\wamp64\www\evaluation\system\View\View.php(236): include('C:\\wamp64\\www\\e...')
#2 C:\wamp64\www\evaluation\system\Common.php(1071): CodeIgniter\View\View->render('users/edit', Array, true)
#3 C:\wamp64\www\evaluation\app\Views\common\layout.php(5): view('users/edit')
#4 C:\wamp64\www\evaluation\system\View\View.php(236): include('C:\\wamp64\\www\\e...')
#5 C:\wamp64\www\evaluation\system\Common.php(1071): CodeIgniter\View\View->render('common/layout', Array, true)
#6 C:\wamp64\www\evaluation\app\Controllers\Users.php(27): view('common/layout', Array)
#7 C:\wamp64\www\evaluation\system\CodeIgniter.php(910): App\Controllers\Users->editUser('1')
#8 C:\wamp64\www\evaluation\system\CodeIgniter.php(398): CodeIgniter\CodeIgniter->runController(Object(App\Controllers\Users))
#9 C:\wamp64\www\evaluation\system\CodeIgniter.php(306): CodeIgniter\CodeIgniter->handleRequest(NULL, Object(Config\Cache), false)
#10 C:\wamp64\www\evaluation\public\index.php(45): CodeIgniter\CodeIgniter->run()
#11 {main}
CRITICAL - 2021-11-01 19:31:56 --> Array to string conversion
#0 C:\wamp64\www\evaluation\app\Views\users\edit.php(39): CodeIgniter\Debug\Exceptions->errorHandler(8, 'Array to string...', 'C:\\wamp64\\www\\e...', 39, Array)
#1 C:\wamp64\www\evaluation\system\View\View.php(236): include('C:\\wamp64\\www\\e...')
#2 C:\wamp64\www\evaluation\system\Common.php(1071): CodeIgniter\View\View->render('users/edit', Array, true)
#3 C:\wamp64\www\evaluation\app\Views\common\layout.php(5): view('users/edit')
#4 C:\wamp64\www\evaluation\system\View\View.php(236): include('C:\\wamp64\\www\\e...')
#5 C:\wamp64\www\evaluation\system\Common.php(1071): CodeIgniter\View\View->render('common/layout', Array, true)
#6 C:\wamp64\www\evaluation\app\Controllers\Users.php(27): view('common/layout', Array)
#7 C:\wamp64\www\evaluation\system\CodeIgniter.php(910): App\Controllers\Users->editUser('1')
#8 C:\wamp64\www\evaluation\system\CodeIgniter.php(398): CodeIgniter\CodeIgniter->runController(Object(App\Controllers\Users))
#9 C:\wamp64\www\evaluation\system\CodeIgniter.php(306): CodeIgniter\CodeIgniter->handleRequest(NULL, Object(Config\Cache), false)
#10 C:\wamp64\www\evaluation\public\index.php(45): CodeIgniter\CodeIgniter->run()
#11 {main}
CRITICAL - 2021-11-01 19:34:19 --> Trying to get property 'idUsers' of non-object
#0 C:\wamp64\www\evaluation\app\Views\users\edit.php(1): CodeIgniter\Debug\Exceptions->errorHandler(8, 'Trying to get p...', 'C:\\wamp64\\www\\e...', 1, Array)
#1 C:\wamp64\www\evaluation\system\View\View.php(236): include('C:\\wamp64\\www\\e...')
#2 C:\wamp64\www\evaluation\system\Common.php(1071): CodeIgniter\View\View->render('users/edit', Array, true)
#3 C:\wamp64\www\evaluation\app\Views\common\layout.php(5): view('users/edit')
#4 C:\wamp64\www\evaluation\system\View\View.php(236): include('C:\\wamp64\\www\\e...')
#5 C:\wamp64\www\evaluation\system\Common.php(1071): CodeIgniter\View\View->render('common/layout', Array, true)
#6 C:\wamp64\www\evaluation\app\Controllers\Users.php(27): view('common/layout', Array)
#7 C:\wamp64\www\evaluation\system\CodeIgniter.php(910): App\Controllers\Users->editUser('1')
#8 C:\wamp64\www\evaluation\system\CodeIgniter.php(398): CodeIgniter\CodeIgniter->runController(Object(App\Controllers\Users))
#9 C:\wamp64\www\evaluation\system\CodeIgniter.php(306): CodeIgniter\CodeIgniter->handleRequest(NULL, Object(Config\Cache), false)
#10 C:\wamp64\www\evaluation\public\index.php(45): CodeIgniter\CodeIgniter->run()
#11 {main}
CRITICAL - 2021-11-01 19:34:19 --> Trying to get property 'idUsers' of non-object
#0 C:\wamp64\www\evaluation\app\Views\users\edit.php(1): CodeIgniter\Debug\Exceptions->errorHandler(8, 'Trying to get p...', 'C:\\wamp64\\www\\e...', 1, Array)
#1 C:\wamp64\www\evaluation\system\View\View.php(236): include('C:\\wamp64\\www\\e...')
#2 C:\wamp64\www\evaluation\system\Common.php(1071): CodeIgniter\View\View->render('users/edit', Array, true)
#3 C:\wamp64\www\evaluation\app\Views\common\layout.php(5): view('users/edit')
#4 C:\wamp64\www\evaluation\system\View\View.php(236): include('C:\\wamp64\\www\\e...')
#5 C:\wamp64\www\evaluation\system\Common.php(1071): CodeIgniter\View\View->render('common/layout', Array, true)
#6 C:\wamp64\www\evaluation\app\Controllers\Users.php(27): view('common/layout', Array)
#7 C:\wamp64\www\evaluation\system\CodeIgniter.php(910): App\Controllers\Users->editUser('1')
#8 C:\wamp64\www\evaluation\system\CodeIgniter.php(398): CodeIgniter\CodeIgniter->runController(Object(App\Controllers\Users))
#9 C:\wamp64\www\evaluation\system\CodeIgniter.php(306): CodeIgniter\CodeIgniter->handleRequest(NULL, Object(Config\Cache), false)
#10 C:\wamp64\www\evaluation\public\index.php(45): CodeIgniter\CodeIgniter->run()
#11 {main}
CRITICAL - 2021-11-01 19:35:06 --> Trying to access array offset on value of type null
#0 C:\wamp64\www\evaluation\app\Views\users\edit.php(40): CodeIgniter\Debug\Exceptions->errorHandler(8, 'Trying to acces...', 'C:\\wamp64\\www\\e...', 40, Array)
#1 C:\wamp64\www\evaluation\system\View\View.php(236): include('C:\\wamp64\\www\\e...')
#2 C:\wamp64\www\evaluation\system\Common.php(1071): CodeIgniter\View\View->render('users/edit', Array, true)
#3 C:\wamp64\www\evaluation\app\Views\common\layout.php(5): view('users/edit')
#4 C:\wamp64\www\evaluation\system\View\View.php(236): include('C:\\wamp64\\www\\e...')
#5 C:\wamp64\www\evaluation\system\Common.php(1071): CodeIgniter\View\View->render('common/layout', Array, true)
#6 C:\wamp64\www\evaluation\app\Controllers\Users.php(27): view('common/layout', Array)
#7 C:\wamp64\www\evaluation\system\CodeIgniter.php(910): App\Controllers\Users->editUser('media', 'sound', 'messagebox.mp3')
#8 C:\wamp64\www\evaluation\system\CodeIgniter.php(398): CodeIgniter\CodeIgniter->runController(Object(App\Controllers\Users))
#9 C:\wamp64\www\evaluation\system\CodeIgniter.php(306): CodeIgniter\CodeIgniter->handleRequest(NULL, Object(Config\Cache), false)
#10 C:\wamp64\www\evaluation\public\index.php(45): CodeIgniter\CodeIgniter->run()
#11 {main}
CRITICAL - 2021-11-01 19:35:08 --> Trying to access array offset on value of type null
#0 C:\wamp64\www\evaluation\app\Views\users\edit.php(40): CodeIgniter\Debug\Exceptions->errorHandler(8, 'Trying to acces...', 'C:\\wamp64\\www\\e...', 40, Array)
#1 C:\wamp64\www\evaluation\system\View\View.php(236): include('C:\\wamp64\\www\\e...')
#2 C:\wamp64\www\evaluation\system\Common.php(1071): CodeIgniter\View\View->render('users/edit', Array, true)
#3 C:\wamp64\www\evaluation\app\Views\common\layout.php(5): view('users/edit')
#4 C:\wamp64\www\evaluation\system\View\View.php(236): include('C:\\wamp64\\www\\e...')
#5 C:\wamp64\www\evaluation\system\Common.php(1071): CodeIgniter\View\View->render('common/layout', Array, true)
#6 C:\wamp64\www\evaluation\app\Controllers\Users.php(27): view('common/layout', Array)
#7 C:\wamp64\www\evaluation\system\CodeIgniter.php(910): App\Controllers\Users->editUser('media', 'sound', 'messagebox.mp3')
#8 C:\wamp64\www\evaluation\system\CodeIgniter.php(398): CodeIgniter\CodeIgniter->runController(Object(App\Controllers\Users))
#9 C:\wamp64\www\evaluation\system\CodeIgniter.php(306): CodeIgniter\CodeIgniter->handleRequest(NULL, Object(Config\Cache), false)
#10 C:\wamp64\www\evaluation\public\index.php(45): CodeIgniter\CodeIgniter->run()
#11 {main}
